{"level":"info","message":"Listening on port 3900...","timestamp":"2018-07-25T19:02:18.260Z"}
{"level":"info","message":"Connected to mongodb://localhost/vidly...","timestamp":"2018-07-25T19:02:18.281Z"}
{"level":"info","message":"Listening on port 3900...","timestamp":"2018-07-25T19:09:55.035Z"}
{"level":"info","message":"Connected to mongodb://localhost/vidly...","timestamp":"2018-07-25T19:09:55.055Z"}
{"message":"Cannot read property 'isAdmin' of undefined","stack":"TypeError: Cannot read property 'isAdmin' of undefined\n    at module.exports (/Users/moshfeghhamedani/Dropbox/Courses/React/Demo/vidly-api-node/middleware/admin.js:8:17)\n    at /Users/moshfeghhamedani/Dropbox/Courses/React/Demo/vidly-api-node/node_modules/express-async-errors/index.js:17:17\n    at Layer.handle [as handle_request] (/Users/moshfeghhamedani/Dropbox/Courses/React/Demo/vidly-api-node/node_modules/express/lib/router/layer.js:95:5)\n    at next (/Users/moshfeghhamedani/Dropbox/Courses/React/Demo/vidly-api-node/node_modules/express/lib/router/route.js:137:13)\n    at module.exports (/Users/moshfeghhamedani/Dropbox/Courses/React/Demo/vidly-api-node/middleware/auth.js:5:36)\n    at /Users/moshfeghhamedani/Dropbox/Courses/React/Demo/vidly-api-node/node_modules/express-async-errors/index.js:17:17\n    at Layer.handle [as handle_request] (/Users/moshfeghhamedani/Dropbox/Courses/React/Demo/vidly-api-node/node_modules/express/lib/router/layer.js:95:5)\n    at next (/Users/moshfeghhamedani/Dropbox/Courses/React/Demo/vidly-api-node/node_modules/express/lib/router/route.js:137:13)\n    at Route.dispatch (/Users/moshfeghhamedani/Dropbox/Courses/React/Demo/vidly-api-node/node_modules/express/lib/router/route.js:112:3)\n    at /Users/moshfeghhamedani/Dropbox/Courses/React/Demo/vidly-api-node/node_modules/express-async-errors/index.js:17:17\n    at Layer.handle [as handle_request] (/Users/moshfeghhamedani/Dropbox/Courses/React/Demo/vidly-api-node/node_modules/express/lib/router/layer.js:95:5)\n    at /Users/moshfeghhamedani/Dropbox/Courses/React/Demo/vidly-api-node/node_modules/express/lib/router/index.js:281:22\n    at Function.process_params (/Users/moshfeghhamedani/Dropbox/Courses/React/Demo/vidly-api-node/node_modules/express/lib/router/index.js:335:12)\n    at next (/Users/moshfeghhamedani/Dropbox/Courses/React/Demo/vidly-api-node/node_modules/express/lib/router/index.js:275:10)\n    at Function.handle (/Users/moshfeghhamedani/Dropbox/Courses/React/Demo/vidly-api-node/node_modules/express/lib/router/index.js:174:3)\n    at router (/Users/moshfeghhamedani/Dropbox/Courses/React/Demo/vidly-api-node/node_modules/express/lib/router/index.js:47:12)","level":"error","timestamp":"2018-07-25T19:11:08.638Z"}
{"level":"info","message":"Listening on port 3900...","timestamp":"2018-07-25T19:11:36.087Z"}
{"level":"info","message":"Connected to mongodb://localhost/vidly...","timestamp":"2018-07-25T19:11:36.108Z"}
{"level":"info","message":"Listening on port 3900...","timestamp":"2018-07-25T19:11:40.247Z"}
{"level":"info","message":"Connected to mongodb://localhost/vidly...","timestamp":"2018-07-25T19:11:40.267Z"}
{"level":"info","message":"Listening on port 3900...","timestamp":"2018-07-25T19:11:52.261Z"}
{"level":"info","message":"Connected to mongodb://localhost/vidly...","timestamp":"2018-07-25T19:11:52.282Z"}
{"level":"info","message":"Listening on port 3900...","timestamp":"2018-07-25T19:16:03.043Z"}
{"level":"info","message":"Connected to mongodb://localhost/vidly...","timestamp":"2018-07-25T19:16:03.069Z"}
{"level":"info","message":"Listening on port 3900...","timestamp":"2018-07-25T19:16:06.519Z"}
{"level":"info","message":"Connected to mongodb://localhost/vidly...","timestamp":"2018-07-25T19:16:06.545Z"}
{"level":"info","message":"Listening on port 3900...","timestamp":"2018-07-25T19:21:13.994Z"}
{"level":"info","message":"Connected to mongodb://localhost/vidly...","timestamp":"2018-07-25T19:21:14.014Z"}
{"message":"Cast to ObjectId failed for value \"5b58c8fca5ebf3212ead2f2x\" at path \"_id\" for model \"Movies\"","stack":"CastError: Cast to ObjectId failed for value \"5b58c8fca5ebf3212ead2f2x\" at path \"_id\" for model \"Movies\"\n    at new CastError (/Users/moshfeghhamedani/Dropbox/Courses/React/Demo/vidly-api-node/node_modules/mongoose/lib/error/cast.js:27:11)\n    at ObjectId.cast (/Users/moshfeghhamedani/Dropbox/Courses/React/Demo/vidly-api-node/node_modules/mongoose/lib/schema/objectid.js:158:13)\n    at ObjectId.SchemaType.applySetters (/Users/moshfeghhamedani/Dropbox/Courses/React/Demo/vidly-api-node/node_modules/mongoose/lib/schematype.js:701:12)\n    at ObjectId.SchemaType._castForQuery (/Users/moshfeghhamedani/Dropbox/Courses/React/Demo/vidly-api-node/node_modules/mongoose/lib/schematype.js:1072:15)\n    at ObjectId.castForQuery (/Users/moshfeghhamedani/Dropbox/Courses/React/Demo/vidly-api-node/node_modules/mongoose/lib/schema/objectid.js:198:15)\n    at ObjectId.SchemaType.castForQueryWrapper (/Users/moshfeghhamedani/Dropbox/Courses/React/Demo/vidly-api-node/node_modules/mongoose/lib/schematype.js:1041:15)\n    at cast (/Users/moshfeghhamedani/Dropbox/Courses/React/Demo/vidly-api-node/node_modules/mongoose/lib/cast.js:269:32)\n    at model.Query.Query.cast (/Users/moshfeghhamedani/Dropbox/Courses/React/Demo/vidly-api-node/node_modules/mongoose/lib/query.js:3133:12)\n    at model.Query.Query._castConditions (/Users/moshfeghhamedani/Dropbox/Courses/React/Demo/vidly-api-node/node_modules/mongoose/lib/query.js:1269:10)\n    at model.Query.Query._findOne (/Users/moshfeghhamedani/Dropbox/Courses/React/Demo/vidly-api-node/node_modules/mongoose/lib/query.js:1485:8)\n    at /Users/moshfeghhamedani/Dropbox/Courses/React/Demo/vidly-api-node/node_modules/kareem/index.js:276:8\n    at /Users/moshfeghhamedani/Dropbox/Courses/React/Demo/vidly-api-node/node_modules/kareem/index.js:23:7\n    at _combinedTickCallback (internal/process/next_tick.js:131:7)\n    at process._tickCallback (internal/process/next_tick.js:180:9)","name":"CastError","stringValue":"\"5b58c8fca5ebf3212ead2f2x\"","kind":"ObjectId","value":"5b58c8fca5ebf3212ead2f2x","path":"_id","level":"error","timestamp":"2018-07-26T17:59:40.162Z"}
{"message":"Cast to ObjectId failed for value \"5b58c8fca5ebf3212ead2f2x\" at path \"_id\" for model \"Movies\"","stack":"CastError: Cast to ObjectId failed for value \"5b58c8fca5ebf3212ead2f2x\" at path \"_id\" for model \"Movies\"\n    at new CastError (/Users/moshfeghhamedani/Dropbox/Courses/React/Demo/vidly-api-node/node_modules/mongoose/lib/error/cast.js:27:11)\n    at ObjectId.cast (/Users/moshfeghhamedani/Dropbox/Courses/React/Demo/vidly-api-node/node_modules/mongoose/lib/schema/objectid.js:158:13)\n    at ObjectId.SchemaType.applySetters (/Users/moshfeghhamedani/Dropbox/Courses/React/Demo/vidly-api-node/node_modules/mongoose/lib/schematype.js:701:12)\n    at ObjectId.SchemaType._castForQuery (/Users/moshfeghhamedani/Dropbox/Courses/React/Demo/vidly-api-node/node_modules/mongoose/lib/schematype.js:1072:15)\n    at ObjectId.castForQuery (/Users/moshfeghhamedani/Dropbox/Courses/React/Demo/vidly-api-node/node_modules/mongoose/lib/schema/objectid.js:198:15)\n    at ObjectId.SchemaType.castForQueryWrapper (/Users/moshfeghhamedani/Dropbox/Courses/React/Demo/vidly-api-node/node_modules/mongoose/lib/schematype.js:1041:15)\n    at cast (/Users/moshfeghhamedani/Dropbox/Courses/React/Demo/vidly-api-node/node_modules/mongoose/lib/cast.js:269:32)\n    at model.Query.Query.cast (/Users/moshfeghhamedani/Dropbox/Courses/React/Demo/vidly-api-node/node_modules/mongoose/lib/query.js:3133:12)\n    at model.Query.Query._castConditions (/Users/moshfeghhamedani/Dropbox/Courses/React/Demo/vidly-api-node/node_modules/mongoose/lib/query.js:1269:10)\n    at model.Query.Query._findOne (/Users/moshfeghhamedani/Dropbox/Courses/React/Demo/vidly-api-node/node_modules/mongoose/lib/query.js:1485:8)\n    at /Users/moshfeghhamedani/Dropbox/Courses/React/Demo/vidly-api-node/node_modules/kareem/index.js:276:8\n    at /Users/moshfeghhamedani/Dropbox/Courses/React/Demo/vidly-api-node/node_modules/kareem/index.js:23:7\n    at _combinedTickCallback (internal/process/next_tick.js:131:7)\n    at process._tickCallback (internal/process/next_tick.js:180:9)","name":"CastError","stringValue":"\"5b58c8fca5ebf3212ead2f2x\"","kind":"ObjectId","value":"5b58c8fca5ebf3212ead2f2x","path":"_id","level":"error","timestamp":"2018-07-26T18:01:43.512Z"}
{"message":"Cast to ObjectId failed for value \"5b58c8fca5ebf3212ead2f2x\" at path \"_id\" for model \"Movies\"","stack":"CastError: Cast to ObjectId failed for value \"5b58c8fca5ebf3212ead2f2x\" at path \"_id\" for model \"Movies\"\n    at new CastError (/Users/moshfeghhamedani/Dropbox/Courses/React/Demo/vidly-api-node/node_modules/mongoose/lib/error/cast.js:27:11)\n    at ObjectId.cast (/Users/moshfeghhamedani/Dropbox/Courses/React/Demo/vidly-api-node/node_modules/mongoose/lib/schema/objectid.js:158:13)\n    at ObjectId.SchemaType.applySetters (/Users/moshfeghhamedani/Dropbox/Courses/React/Demo/vidly-api-node/node_modules/mongoose/lib/schematype.js:701:12)\n    at ObjectId.SchemaType._castForQuery (/Users/moshfeghhamedani/Dropbox/Courses/React/Demo/vidly-api-node/node_modules/mongoose/lib/schematype.js:1072:15)\n    at ObjectId.castForQuery (/Users/moshfeghhamedani/Dropbox/Courses/React/Demo/vidly-api-node/node_modules/mongoose/lib/schema/objectid.js:198:15)\n    at ObjectId.SchemaType.castForQueryWrapper (/Users/moshfeghhamedani/Dropbox/Courses/React/Demo/vidly-api-node/node_modules/mongoose/lib/schematype.js:1041:15)\n    at cast (/Users/moshfeghhamedani/Dropbox/Courses/React/Demo/vidly-api-node/node_modules/mongoose/lib/cast.js:269:32)\n    at model.Query.Query.cast (/Users/moshfeghhamedani/Dropbox/Courses/React/Demo/vidly-api-node/node_modules/mongoose/lib/query.js:3133:12)\n    at model.Query.Query._castConditions (/Users/moshfeghhamedani/Dropbox/Courses/React/Demo/vidly-api-node/node_modules/mongoose/lib/query.js:1269:10)\n    at model.Query.Query._findOne (/Users/moshfeghhamedani/Dropbox/Courses/React/Demo/vidly-api-node/node_modules/mongoose/lib/query.js:1485:8)\n    at /Users/moshfeghhamedani/Dropbox/Courses/React/Demo/vidly-api-node/node_modules/kareem/index.js:276:8\n    at /Users/moshfeghhamedani/Dropbox/Courses/React/Demo/vidly-api-node/node_modules/kareem/index.js:23:7\n    at _combinedTickCallback (internal/process/next_tick.js:131:7)\n    at process._tickCallback (internal/process/next_tick.js:180:9)","name":"CastError","stringValue":"\"5b58c8fca5ebf3212ead2f2x\"","kind":"ObjectId","value":"5b58c8fca5ebf3212ead2f2x","path":"_id","level":"error","timestamp":"2018-07-26T18:01:58.144Z"}
{"message":"Cast to ObjectId failed for value \"5b58c8fca5ebf3212ead2f2x\" at path \"_id\" for model \"Movies\"","stack":"CastError: Cast to ObjectId failed for value \"5b58c8fca5ebf3212ead2f2x\" at path \"_id\" for model \"Movies\"\n    at new CastError (/Users/moshfeghhamedani/Dropbox/Courses/React/Demo/vidly-api-node/node_modules/mongoose/lib/error/cast.js:27:11)\n    at ObjectId.cast (/Users/moshfeghhamedani/Dropbox/Courses/React/Demo/vidly-api-node/node_modules/mongoose/lib/schema/objectid.js:158:13)\n    at ObjectId.SchemaType.applySetters (/Users/moshfeghhamedani/Dropbox/Courses/React/Demo/vidly-api-node/node_modules/mongoose/lib/schematype.js:701:12)\n    at ObjectId.SchemaType._castForQuery (/Users/moshfeghhamedani/Dropbox/Courses/React/Demo/vidly-api-node/node_modules/mongoose/lib/schematype.js:1072:15)\n    at ObjectId.castForQuery (/Users/moshfeghhamedani/Dropbox/Courses/React/Demo/vidly-api-node/node_modules/mongoose/lib/schema/objectid.js:198:15)\n    at ObjectId.SchemaType.castForQueryWrapper (/Users/moshfeghhamedani/Dropbox/Courses/React/Demo/vidly-api-node/node_modules/mongoose/lib/schematype.js:1041:15)\n    at cast (/Users/moshfeghhamedani/Dropbox/Courses/React/Demo/vidly-api-node/node_modules/mongoose/lib/cast.js:269:32)\n    at model.Query.Query.cast (/Users/moshfeghhamedani/Dropbox/Courses/React/Demo/vidly-api-node/node_modules/mongoose/lib/query.js:3133:12)\n    at model.Query.Query._castConditions (/Users/moshfeghhamedani/Dropbox/Courses/React/Demo/vidly-api-node/node_modules/mongoose/lib/query.js:1269:10)\n    at model.Query.Query._findOne (/Users/moshfeghhamedani/Dropbox/Courses/React/Demo/vidly-api-node/node_modules/mongoose/lib/query.js:1485:8)\n    at /Users/moshfeghhamedani/Dropbox/Courses/React/Demo/vidly-api-node/node_modules/kareem/index.js:276:8\n    at /Users/moshfeghhamedani/Dropbox/Courses/React/Demo/vidly-api-node/node_modules/kareem/index.js:23:7\n    at _combinedTickCallback (internal/process/next_tick.js:131:7)\n    at process._tickCallback (internal/process/next_tick.js:180:9)","name":"CastError","stringValue":"\"5b58c8fca5ebf3212ead2f2x\"","kind":"ObjectId","value":"5b58c8fca5ebf3212ead2f2x","path":"_id","level":"error","timestamp":"2018-07-26T18:02:20.602Z"}
{"message":"Cast to ObjectId failed for value \"5b58c8fca5ebf3212ead2f2x\" at path \"_id\" for model \"Movies\"","stack":"CastError: Cast to ObjectId failed for value \"5b58c8fca5ebf3212ead2f2x\" at path \"_id\" for model \"Movies\"\n    at new CastError (/Users/moshfeghhamedani/Dropbox/Courses/React/Demo/vidly-api-node/node_modules/mongoose/lib/error/cast.js:27:11)\n    at ObjectId.cast (/Users/moshfeghhamedani/Dropbox/Courses/React/Demo/vidly-api-node/node_modules/mongoose/lib/schema/objectid.js:158:13)\n    at ObjectId.SchemaType.applySetters (/Users/moshfeghhamedani/Dropbox/Courses/React/Demo/vidly-api-node/node_modules/mongoose/lib/schematype.js:701:12)\n    at ObjectId.SchemaType._castForQuery (/Users/moshfeghhamedani/Dropbox/Courses/React/Demo/vidly-api-node/node_modules/mongoose/lib/schematype.js:1072:15)\n    at ObjectId.castForQuery (/Users/moshfeghhamedani/Dropbox/Courses/React/Demo/vidly-api-node/node_modules/mongoose/lib/schema/objectid.js:198:15)\n    at ObjectId.SchemaType.castForQueryWrapper (/Users/moshfeghhamedani/Dropbox/Courses/React/Demo/vidly-api-node/node_modules/mongoose/lib/schematype.js:1041:15)\n    at cast (/Users/moshfeghhamedani/Dropbox/Courses/React/Demo/vidly-api-node/node_modules/mongoose/lib/cast.js:269:32)\n    at model.Query.Query.cast (/Users/moshfeghhamedani/Dropbox/Courses/React/Demo/vidly-api-node/node_modules/mongoose/lib/query.js:3133:12)\n    at model.Query.Query._castConditions (/Users/moshfeghhamedani/Dropbox/Courses/React/Demo/vidly-api-node/node_modules/mongoose/lib/query.js:1269:10)\n    at model.Query.Query._findOne (/Users/moshfeghhamedani/Dropbox/Courses/React/Demo/vidly-api-node/node_modules/mongoose/lib/query.js:1485:8)\n    at /Users/moshfeghhamedani/Dropbox/Courses/React/Demo/vidly-api-node/node_modules/kareem/index.js:276:8\n    at /Users/moshfeghhamedani/Dropbox/Courses/React/Demo/vidly-api-node/node_modules/kareem/index.js:23:7\n    at _combinedTickCallback (internal/process/next_tick.js:131:7)\n    at process._tickCallback (internal/process/next_tick.js:180:9)","name":"CastError","stringValue":"\"5b58c8fca5ebf3212ead2f2x\"","kind":"ObjectId","value":"5b58c8fca5ebf3212ead2f2x","path":"_id","level":"error","timestamp":"2018-07-26T18:03:23.147Z"}
{"level":"info","message":"Listening on port 3900...","timestamp":"2018-07-26T18:07:38.002Z"}
{"level":"info","message":"Connected to mongodb://localhost/vidly...","timestamp":"2018-07-26T18:07:38.017Z"}
{"level":"info","message":"Listening on port 3900...","timestamp":"2018-08-01T17:05:48.069Z"}
{"level":"info","message":"Listening on port 3900...","timestamp":"2018-08-01T17:05:58.074Z"}
{"level":"info","message":"Connected to mongodb://localhost/vidly...","timestamp":"2018-08-01T17:05:58.095Z"}
{"level":"info","message":"Listening on port 3900...","timestamp":"2018-08-01T19:27:24.787Z"}
{"level":"info","message":"Connected to mongodb://localhost/vidly...","timestamp":"2018-08-01T19:27:24.807Z"}
{"message":"Unexpected token \n in JSON at position 55","stack":"SyntaxError: Unexpected token \n in JSON at position 55\n    at JSON.parse (<anonymous>)\n    at parse (/Users/moshfeghhamedani/Dropbox/Courses/React/Demo/vidly-api-node/node_modules/body-parser/lib/types/json.js:89:19)\n    at /Users/moshfeghhamedani/Dropbox/Courses/React/Demo/vidly-api-node/node_modules/body-parser/lib/read.js:121:18\n    at invokeCallback (/Users/moshfeghhamedani/Dropbox/Courses/React/Demo/vidly-api-node/node_modules/raw-body/index.js:224:16)\n    at done (/Users/moshfeghhamedani/Dropbox/Courses/React/Demo/vidly-api-node/node_modules/raw-body/index.js:213:7)\n    at IncomingMessage.onEnd (/Users/moshfeghhamedani/Dropbox/Courses/React/Demo/vidly-api-node/node_modules/raw-body/index.js:273:7)\n    at emitNone (events.js:106:13)\n    at IncomingMessage.emit (events.js:208:7)\n    at endReadableNT (_stream_readable.js:1056:12)\n    at _combinedTickCallback (internal/process/next_tick.js:138:11)\n    at process._tickCallback (internal/process/next_tick.js:180:9)","expose":true,"statusCode":400,"status":400,"body":"{\n\t\"email\": \"user10@domain.com\",\n\t\"password\": \"123456, \n\t\"name\": \"Mosh\"\n}","type":"entity.parse.failed","level":"error","timestamp":"2018-08-01T19:28:03.863Z"}
{"level":"info","message":"Listening on port 3900...","timestamp":"2018-08-01T19:32:10.154Z"}
{"level":"info","message":"Connected to mongodb://localhost/vidly...","timestamp":"2018-08-01T19:32:10.174Z"}
{"level":"info","message":"Listening on port 3900...","timestamp":"2018-08-01T19:32:41.208Z"}
{"level":"info","message":"Connected to mongodb://localhost/vidly...","timestamp":"2018-08-01T19:32:41.227Z"}
{"level":"info","message":"Listening on port 3900...","timestamp":"2018-08-01T19:48:20.908Z"}
{"level":"info","message":"Connected to mongodb://localhost/vidly...","timestamp":"2018-08-01T19:48:20.929Z"}
{"level":"info","message":"Listening on port 3900...","timestamp":"2018-08-02T17:16:40.672Z"}
{"level":"info","message":"Connected to mongodb://localhost/vidly...","timestamp":"2018-08-02T17:16:40.691Z"}
{"level":"info","message":"Listening on port 3900...","timestamp":"2018-08-02T17:27:08.179Z"}
{"level":"info","message":"Connected to mongodb://localhost/vidly...","timestamp":"2018-08-02T17:27:08.199Z"}
{"level":"info","message":"Listening on port 3900...","timestamp":"2018-08-02T17:29:37.614Z"}
{"level":"info","message":"Connected to mongodb://localhost/vidly...","timestamp":"2018-08-02T17:29:37.639Z"}
{"level":"info","message":"Listening on port 3900...","timestamp":"2018-08-02T17:44:13.347Z"}
{"level":"info","message":"Connected to mongodb://localhost/vidly...","timestamp":"2018-08-02T17:44:13.367Z"}
{"level":"info","message":"Listening on port 3900...","timestamp":"2018-08-08T16:40:58.626Z"}
{"level":"info","message":"Listening on port 3900...","timestamp":"2018-08-08T16:41:09.898Z"}
{"level":"info","message":"Connected to mongodb://localhost/vidly...","timestamp":"2018-08-08T16:41:09.919Z"}
{"level":"info","message":"Listening on port 3900...","timestamp":"2019-08-08T07:01:14.858Z"}
{"level":"info","message":"Connected to mongodb://localhost/vidly...","timestamp":"2019-08-08T07:01:16.888Z"}
{"level":"info","message":"Listening on port 3900...","timestamp":"2019-08-10T08:04:52.207Z"}
{"level":"info","message":"Connected to mongodb://localhost/vidly...","timestamp":"2019-08-10T08:04:54.296Z"}
{"level":"info","message":"Listening on port 3900...","timestamp":"2019-08-12T06:46:05.614Z"}
{"level":"info","message":"Connected to mongodb://localhost/vidly...","timestamp":"2019-08-12T06:46:07.664Z"}
{"level":"info","message":"Listening on port 3900...","timestamp":"2019-08-13T07:01:15.866Z"}
{"level":"info","message":"Connected to mongodb://localhost/vidly...","timestamp":"2019-08-13T07:01:17.905Z"}
{"level":"info","message":"Listening on port 3900...","timestamp":"2019-08-14T04:29:53.268Z"}
{"level":"info","message":"Connected to mongodb://localhost/vidly...","timestamp":"2019-08-14T04:29:55.306Z"}
{"level":"info","message":"Listening on port 3900...","timestamp":"2019-08-16T05:45:14.273Z"}
{"level":"info","message":"Connected to mongodb://localhost/vidly...","timestamp":"2019-08-16T05:45:16.538Z"}
{"level":"info","message":"Listening on port 3900...","timestamp":"2019-08-16T06:09:06.585Z"}
{"level":"info","message":"Connected to mongodb://localhost/moview_reviews...","timestamp":"2019-08-16T06:09:08.666Z"}
{"level":"info","message":"Listening on port 3900...","timestamp":"2019-08-16T07:04:47.207Z"}
{"level":"info","message":"Connected to mongodb://localhost/movie_reviews...","timestamp":"2019-08-16T07:04:49.279Z"}
{"level":"info","message":"Listening on port 3900...","timestamp":"2019-08-19T04:51:20.546Z"}
{"level":"info","message":"Connected to mongodb://localhost/movie_reviews...","timestamp":"2019-08-19T04:51:22.626Z"}
{"level":"info","message":"Listening on port 3900...","timestamp":"2019-08-19T04:57:43.159Z"}
{"level":"info","message":"Connected to mongodb://localhost/movie_reviews...","timestamp":"2019-08-19T04:57:45.212Z"}
{"level":"info","message":"Listening on port 3900...","timestamp":"2019-08-19T05:01:46.142Z"}
{"level":"info","message":"Connected to mongodb://localhost/movie_reviews...","timestamp":"2019-08-19T05:01:48.187Z"}
{"level":"info","message":"Listening on port 3900...","timestamp":"2019-08-19T05:18:59.250Z"}
{"level":"info","message":"Connected to mongodb://localhost/movie_reviews...","timestamp":"2019-08-19T05:19:01.272Z"}
{"level":"info","message":"Listening on port 3900...","timestamp":"2019-08-19T05:21:13.246Z"}
{"level":"info","message":"Connected to mongodb://localhost/movie_reviews...","timestamp":"2019-08-19T05:21:15.267Z"}
{"level":"info","message":"Listening on port 3900...","timestamp":"2019-08-19T06:09:30.907Z"}
{"level":"info","message":"Connected to mongodb://localhost/movie_reviews...","timestamp":"2019-08-19T06:09:32.950Z"}
{"level":"info","message":"Listening on port 3900...","timestamp":"2019-08-19T06:13:37.790Z"}
{"level":"info","message":"Connected to mongodb://localhost/movie_reviews...","timestamp":"2019-08-19T06:13:39.814Z"}
{"level":"info","message":"Listening on port 3900...","timestamp":"2019-08-19T06:15:09.448Z"}
{"level":"info","message":"Connected to mongodb://localhost/movie_reviews...","timestamp":"2019-08-19T06:15:11.472Z"}
{"level":"info","message":"Listening on port 3900...","timestamp":"2019-08-19T06:17:43.109Z"}
{"level":"info","message":"Connected to mongodb://localhost/movie_reviews...","timestamp":"2019-08-19T06:17:45.152Z"}
{"level":"info","message":"Listening on port 3900...","timestamp":"2019-08-19T06:19:56.533Z"}
{"level":"info","message":"Connected to mongodb://localhost/movie_reviews...","timestamp":"2019-08-19T06:19:58.571Z"}
{"level":"info","message":"Listening on port 3900...","timestamp":"2019-08-19T06:21:27.747Z"}
{"level":"info","message":"Connected to mongodb://localhost/movie_reviews...","timestamp":"2019-08-19T06:21:29.802Z"}
{"level":"info","message":"Listening on port 3900...","timestamp":"2019-08-19T06:46:49.765Z"}
{"level":"info","message":"Connected to mongodb://localhost/movie_reviews...","timestamp":"2019-08-19T06:46:51.786Z"}
{"level":"info","message":"Listening on port 3900...","timestamp":"2019-08-19T06:48:56.778Z"}
{"level":"info","message":"Connected to mongodb://localhost/movie_reviews...","timestamp":"2019-08-19T06:48:58.800Z"}
{"level":"info","message":"Listening on port 3900...","timestamp":"2019-08-19T07:08:12.113Z"}
{"level":"info","message":"Connected to mongodb://localhost/movie_reviews...","timestamp":"2019-08-19T07:08:14.144Z"}
{"level":"info","message":"Listening on port 3900...","timestamp":"2019-08-19T09:43:21.616Z"}
{"level":"info","message":"Connected to mongodb://localhost/movie_reviews...","timestamp":"2019-08-19T09:43:23.684Z"}
{"level":"info","message":"Listening on port 3900...","timestamp":"2019-08-19T09:55:55.631Z"}
{"level":"info","message":"Connected to mongodb://localhost/movie_reviews...","timestamp":"2019-08-19T09:55:57.676Z"}
{"level":"info","message":"Listening on port 3900...","timestamp":"2019-08-19T10:12:04.513Z"}
{"level":"info","message":"Connected to mongodb://localhost/movie_reviews...","timestamp":"2019-08-19T10:12:06.556Z"}
{"level":"info","message":"Listening on port 3900...","timestamp":"2019-08-19T10:14:12.497Z"}
{"level":"info","message":"Connected to mongodb://localhost/movie_reviews...","timestamp":"2019-08-19T10:14:14.518Z"}
{"level":"info","message":"Listening on port 3900...","timestamp":"2019-08-19T10:23:51.050Z"}
{"level":"info","message":"Connected to mongodb://localhost/movie_reviews...","timestamp":"2019-08-19T10:23:53.080Z"}
{"level":"info","message":"Listening on port 3900...","timestamp":"2019-08-19T10:28:17.138Z"}
{"level":"info","message":"Connected to mongodb://localhost/movie_reviews...","timestamp":"2019-08-19T10:28:19.188Z"}
{"level":"info","message":"Listening on port 3900...","timestamp":"2019-08-20T04:43:51.044Z"}
{"level":"info","message":"Connected to mongodb://localhost/movie_reviews...","timestamp":"2019-08-20T04:43:53.071Z"}
{"level":"info","message":"Listening on port 3900...","timestamp":"2019-08-20T05:12:10.416Z"}
{"level":"info","message":"Connected to mongodb://localhost/movie_reviews...","timestamp":"2019-08-20T05:12:12.457Z"}
{"level":"info","message":"Listening on port 3900...","timestamp":"2019-08-20T05:51:47.201Z"}
{"level":"info","message":"Connected to mongodb://localhost/movie_reviews...","timestamp":"2019-08-20T05:51:49.268Z"}
{"level":"info","message":"Listening on port 3900...","timestamp":"2019-08-20T05:52:53.759Z"}
{"level":"info","message":"Connected to mongodb://localhost/movie_reviews...","timestamp":"2019-08-20T05:52:55.784Z"}
{"level":"info","message":"Listening on port 3900...","timestamp":"2019-08-20T06:23:44.512Z"}
{"level":"info","message":"Connected to mongodb://localhost/movie_reviews...","timestamp":"2019-08-20T06:23:46.545Z"}
{"level":"info","message":"Listening on port 3900...","timestamp":"2019-08-20T06:29:52.581Z"}
{"level":"info","message":"Connected to mongodb://localhost/movie_reviews...","timestamp":"2019-08-20T06:29:54.618Z"}
{"level":"info","message":"Listening on port 3900...","timestamp":"2019-08-20T07:08:11.009Z"}
{"level":"info","message":"Connected to mongodb://localhost/movie_reviews...","timestamp":"2019-08-20T07:08:13.043Z"}
{"level":"info","message":"Listening on port 3900...","timestamp":"2019-08-20T08:05:09.382Z"}
{"level":"info","message":"Connected to mongodb://localhost/movie_reviews...","timestamp":"2019-08-20T08:05:11.413Z"}
{"level":"info","message":"Listening on port 3900...","timestamp":"2019-08-20T08:07:57.081Z"}
{"level":"info","message":"Connected to mongodb://localhost/movie_reviews...","timestamp":"2019-08-20T08:07:59.121Z"}
{"level":"info","message":"Listening on port 3900...","timestamp":"2019-08-21T04:10:07.418Z"}
{"level":"info","message":"Connected to mongodb://localhost/movie_reviews...","timestamp":"2019-08-21T04:10:09.465Z"}
{"level":"info","message":"Listening on port 3900...","timestamp":"2019-08-21T04:43:45.255Z"}
{"level":"info","message":"Connected to mongodb://localhost/movie_reviews...","timestamp":"2019-08-21T04:43:47.296Z"}
{"level":"info","message":"Listening on port 3900...","timestamp":"2019-08-21T04:45:18.274Z"}
{"level":"info","message":"Connected to mongodb://localhost/movie_reviews...","timestamp":"2019-08-21T04:45:20.324Z"}
{"message":"Review.find(...).select(...).sort(...).reverse is not a function","stack":"TypeError: Review.find(...).select(...).sort(...).reverse is not a function\n    at router.get (D:\\dev\\git\\React\\mosh-course\\vidly-api-node-test\\routes\\reviews.js:22:6)\n    at D:\\dev\\git\\React\\mosh-course\\vidly-api-node-test\\node_modules\\express-async-errors\\index.js:17:17\n    at Layer.handle [as handle_request] (D:\\dev\\git\\React\\mosh-course\\vidly-api-node-test\\node_modules\\express\\lib\\router\\layer.js:95:5)\n    at next (D:\\dev\\git\\React\\mosh-course\\vidly-api-node-test\\node_modules\\express\\lib\\router\\route.js:137:13)\n    at Route.dispatch (D:\\dev\\git\\React\\mosh-course\\vidly-api-node-test\\node_modules\\express\\lib\\router\\route.js:112:3)\n    at D:\\dev\\git\\React\\mosh-course\\vidly-api-node-test\\node_modules\\express-async-errors\\index.js:17:17\n    at Layer.handle [as handle_request] (D:\\dev\\git\\React\\mosh-course\\vidly-api-node-test\\node_modules\\express\\lib\\router\\layer.js:95:5)\n    at D:\\dev\\git\\React\\mosh-course\\vidly-api-node-test\\node_modules\\express\\lib\\router\\index.js:281:22\n    at Function.process_params (D:\\dev\\git\\React\\mosh-course\\vidly-api-node-test\\node_modules\\express\\lib\\router\\index.js:335:12)\n    at next (D:\\dev\\git\\React\\mosh-course\\vidly-api-node-test\\node_modules\\express\\lib\\router\\index.js:275:10)\n    at Function.handle (D:\\dev\\git\\React\\mosh-course\\vidly-api-node-test\\node_modules\\express\\lib\\router\\index.js:174:3)\n    at router (D:\\dev\\git\\React\\mosh-course\\vidly-api-node-test\\node_modules\\express\\lib\\router\\index.js:47:12)\n    at D:\\dev\\git\\React\\mosh-course\\vidly-api-node-test\\node_modules\\express-async-errors\\index.js:17:17\n    at Layer.handle [as handle_request] (D:\\dev\\git\\React\\mosh-course\\vidly-api-node-test\\node_modules\\express\\lib\\router\\layer.js:95:5)\n    at trim_prefix (D:\\dev\\git\\React\\mosh-course\\vidly-api-node-test\\node_modules\\express\\lib\\router\\index.js:317:13)\n    at D:\\dev\\git\\React\\mosh-course\\vidly-api-node-test\\node_modules\\express\\lib\\router\\index.js:284:7","level":"error","timestamp":"2019-08-21T04:45:21.479Z"}
{"message":"Review.find(...).select(...).sort(...).reverse is not a function","stack":"TypeError: Review.find(...).select(...).sort(...).reverse is not a function\n    at router.get (D:\\dev\\git\\React\\mosh-course\\vidly-api-node-test\\routes\\reviews.js:22:6)\n    at D:\\dev\\git\\React\\mosh-course\\vidly-api-node-test\\node_modules\\express-async-errors\\index.js:17:17\n    at Layer.handle [as handle_request] (D:\\dev\\git\\React\\mosh-course\\vidly-api-node-test\\node_modules\\express\\lib\\router\\layer.js:95:5)\n    at next (D:\\dev\\git\\React\\mosh-course\\vidly-api-node-test\\node_modules\\express\\lib\\router\\route.js:137:13)\n    at Route.dispatch (D:\\dev\\git\\React\\mosh-course\\vidly-api-node-test\\node_modules\\express\\lib\\router\\route.js:112:3)\n    at D:\\dev\\git\\React\\mosh-course\\vidly-api-node-test\\node_modules\\express-async-errors\\index.js:17:17\n    at Layer.handle [as handle_request] (D:\\dev\\git\\React\\mosh-course\\vidly-api-node-test\\node_modules\\express\\lib\\router\\layer.js:95:5)\n    at D:\\dev\\git\\React\\mosh-course\\vidly-api-node-test\\node_modules\\express\\lib\\router\\index.js:281:22\n    at Function.process_params (D:\\dev\\git\\React\\mosh-course\\vidly-api-node-test\\node_modules\\express\\lib\\router\\index.js:335:12)\n    at next (D:\\dev\\git\\React\\mosh-course\\vidly-api-node-test\\node_modules\\express\\lib\\router\\index.js:275:10)\n    at Function.handle (D:\\dev\\git\\React\\mosh-course\\vidly-api-node-test\\node_modules\\express\\lib\\router\\index.js:174:3)\n    at router (D:\\dev\\git\\React\\mosh-course\\vidly-api-node-test\\node_modules\\express\\lib\\router\\index.js:47:12)\n    at D:\\dev\\git\\React\\mosh-course\\vidly-api-node-test\\node_modules\\express-async-errors\\index.js:17:17\n    at Layer.handle [as handle_request] (D:\\dev\\git\\React\\mosh-course\\vidly-api-node-test\\node_modules\\express\\lib\\router\\layer.js:95:5)\n    at trim_prefix (D:\\dev\\git\\React\\mosh-course\\vidly-api-node-test\\node_modules\\express\\lib\\router\\index.js:317:13)\n    at D:\\dev\\git\\React\\mosh-course\\vidly-api-node-test\\node_modules\\express\\lib\\router\\index.js:284:7","level":"error","timestamp":"2019-08-21T04:45:22.974Z"}
{"message":"Review.find(...).select(...).sort(...).reverse is not a function","stack":"TypeError: Review.find(...).select(...).sort(...).reverse is not a function\n    at router.get (D:\\dev\\git\\React\\mosh-course\\vidly-api-node-test\\routes\\reviews.js:22:6)\n    at D:\\dev\\git\\React\\mosh-course\\vidly-api-node-test\\node_modules\\express-async-errors\\index.js:17:17\n    at Layer.handle [as handle_request] (D:\\dev\\git\\React\\mosh-course\\vidly-api-node-test\\node_modules\\express\\lib\\router\\layer.js:95:5)\n    at next (D:\\dev\\git\\React\\mosh-course\\vidly-api-node-test\\node_modules\\express\\lib\\router\\route.js:137:13)\n    at Route.dispatch (D:\\dev\\git\\React\\mosh-course\\vidly-api-node-test\\node_modules\\express\\lib\\router\\route.js:112:3)\n    at D:\\dev\\git\\React\\mosh-course\\vidly-api-node-test\\node_modules\\express-async-errors\\index.js:17:17\n    at Layer.handle [as handle_request] (D:\\dev\\git\\React\\mosh-course\\vidly-api-node-test\\node_modules\\express\\lib\\router\\layer.js:95:5)\n    at D:\\dev\\git\\React\\mosh-course\\vidly-api-node-test\\node_modules\\express\\lib\\router\\index.js:281:22\n    at Function.process_params (D:\\dev\\git\\React\\mosh-course\\vidly-api-node-test\\node_modules\\express\\lib\\router\\index.js:335:12)\n    at next (D:\\dev\\git\\React\\mosh-course\\vidly-api-node-test\\node_modules\\express\\lib\\router\\index.js:275:10)\n    at Function.handle (D:\\dev\\git\\React\\mosh-course\\vidly-api-node-test\\node_modules\\express\\lib\\router\\index.js:174:3)\n    at router (D:\\dev\\git\\React\\mosh-course\\vidly-api-node-test\\node_modules\\express\\lib\\router\\index.js:47:12)\n    at D:\\dev\\git\\React\\mosh-course\\vidly-api-node-test\\node_modules\\express-async-errors\\index.js:17:17\n    at Layer.handle [as handle_request] (D:\\dev\\git\\React\\mosh-course\\vidly-api-node-test\\node_modules\\express\\lib\\router\\layer.js:95:5)\n    at trim_prefix (D:\\dev\\git\\React\\mosh-course\\vidly-api-node-test\\node_modules\\express\\lib\\router\\index.js:317:13)\n    at D:\\dev\\git\\React\\mosh-course\\vidly-api-node-test\\node_modules\\express\\lib\\router\\index.js:284:7","level":"error","timestamp":"2019-08-21T04:46:46.351Z"}
{"level":"info","message":"Listening on port 3900...","timestamp":"2019-08-21T04:46:59.818Z"}
{"level":"info","message":"Connected to mongodb://localhost/movie_reviews...","timestamp":"2019-08-21T04:47:01.858Z"}
{"level":"info","message":"Listening on port 3900...","timestamp":"2019-08-21T06:07:05.848Z"}
{"level":"info","message":"Connected to mongodb://localhost/movie_reviews...","timestamp":"2019-08-21T06:07:07.882Z"}
{"level":"info","message":"Listening on port 3900...","timestamp":"2019-08-21T06:47:51.638Z"}
{"level":"info","message":"Connected to mongodb://localhost/movie_reviews...","timestamp":"2019-08-21T06:47:53.673Z"}
{"level":"info","message":"Listening on port 3900...","timestamp":"2019-08-21T06:55:32.191Z"}
{"level":"info","message":"Connected to mongodb://localhost/movie_reviews...","timestamp":"2019-08-21T06:55:34.219Z"}
{"level":"info","message":"Listening on port 3900...","timestamp":"2019-08-21T07:48:05.510Z"}
{"level":"info","message":"Connected to mongodb://localhost/movie_reviews...","timestamp":"2019-08-21T07:48:07.542Z"}
{"level":"info","message":"Listening on port 3900...","timestamp":"2019-08-21T07:56:16.306Z"}
{"level":"info","message":"Connected to mongodb://localhost/movie_reviews...","timestamp":"2019-08-21T07:56:18.357Z"}
{"level":"info","message":"Listening on port 3900...","timestamp":"2019-08-21T08:08:30.803Z"}
{"level":"info","message":"Connected to mongodb://localhost/movie_reviews...","timestamp":"2019-08-21T08:08:32.862Z"}
{"level":"info","message":"Listening on port 3900...","timestamp":"2019-08-21T08:11:04.390Z"}
{"level":"info","message":"Connected to mongodb://localhost/movie_reviews...","timestamp":"2019-08-21T08:11:06.437Z"}
{"level":"info","message":"Listening on port 3900...","timestamp":"2019-08-21T08:12:06.544Z"}
{"level":"info","message":"Connected to mongodb://localhost/movie_reviews...","timestamp":"2019-08-21T08:12:08.589Z"}
{"level":"info","message":"Listening on port 3900...","timestamp":"2019-08-21T08:12:31.684Z"}
{"level":"info","message":"Connected to mongodb://localhost/movie_reviews...","timestamp":"2019-08-21T08:12:33.730Z"}
{"level":"info","message":"Listening on port 3900...","timestamp":"2019-08-22T03:36:31.392Z"}
{"level":"info","message":"Connected to mongodb://localhost/movie_reviews...","timestamp":"2019-08-22T03:36:33.648Z"}
{"level":"info","message":"Listening on port 3900...","timestamp":"2019-08-22T04:07:52.750Z"}
{"level":"info","message":"Connected to mongodb://localhost/movie_reviews...","timestamp":"2019-08-22T04:07:54.768Z"}
{"level":"info","message":"Listening on port 3900...","timestamp":"2019-08-22T06:05:11.211Z"}
{"level":"info","message":"Connected to mongodb://localhost/movie_reviews...","timestamp":"2019-08-22T06:05:13.262Z"}
{"level":"info","message":"Listening on port 3900...","timestamp":"2019-08-22T10:19:47.642Z"}
{"message":"Model is not defined","stack":"ReferenceError: Model is not defined\n    at router.get (D:\\dev\\git\\React\\mosh-course\\vidly-api-node-test\\routes\\movies.js:17:21)\n    at D:\\dev\\git\\React\\mosh-course\\vidly-api-node-test\\node_modules\\express-async-errors\\index.js:17:17\n    at Layer.handle [as handle_request] (D:\\dev\\git\\React\\mosh-course\\vidly-api-node-test\\node_modules\\express\\lib\\router\\layer.js:95:5)\n    at next (D:\\dev\\git\\React\\mosh-course\\vidly-api-node-test\\node_modules\\express\\lib\\router\\route.js:137:13)\n    at Route.dispatch (D:\\dev\\git\\React\\mosh-course\\vidly-api-node-test\\node_modules\\express\\lib\\router\\route.js:112:3)\n    at D:\\dev\\git\\React\\mosh-course\\vidly-api-node-test\\node_modules\\express-async-errors\\index.js:17:17\n    at Layer.handle [as handle_request] (D:\\dev\\git\\React\\mosh-course\\vidly-api-node-test\\node_modules\\express\\lib\\router\\layer.js:95:5)\n    at D:\\dev\\git\\React\\mosh-course\\vidly-api-node-test\\node_modules\\express\\lib\\router\\index.js:281:22\n    at Function.process_params (D:\\dev\\git\\React\\mosh-course\\vidly-api-node-test\\node_modules\\express\\lib\\router\\index.js:335:12)\n    at next (D:\\dev\\git\\React\\mosh-course\\vidly-api-node-test\\node_modules\\express\\lib\\router\\index.js:275:10)\n    at Function.handle (D:\\dev\\git\\React\\mosh-course\\vidly-api-node-test\\node_modules\\express\\lib\\router\\index.js:174:3)\n    at router (D:\\dev\\git\\React\\mosh-course\\vidly-api-node-test\\node_modules\\express\\lib\\router\\index.js:47:12)\n    at D:\\dev\\git\\React\\mosh-course\\vidly-api-node-test\\node_modules\\express-async-errors\\index.js:17:17\n    at Layer.handle [as handle_request] (D:\\dev\\git\\React\\mosh-course\\vidly-api-node-test\\node_modules\\express\\lib\\router\\layer.js:95:5)\n    at trim_prefix (D:\\dev\\git\\React\\mosh-course\\vidly-api-node-test\\node_modules\\express\\lib\\router\\index.js:317:13)\n    at D:\\dev\\git\\React\\mosh-course\\vidly-api-node-test\\node_modules\\express\\lib\\router\\index.js:284:7","level":"error","timestamp":"2019-08-22T10:19:47.846Z"}
{"level":"info","message":"Connected to mongodb://localhost/movie_reviews...","timestamp":"2019-08-22T10:19:49.691Z"}
{"level":"info","message":"Listening on port 3900...","timestamp":"2019-08-22T10:20:37.810Z"}
{"level":"info","message":"Connected to mongodb://localhost/movie_reviews...","timestamp":"2019-08-22T10:20:39.865Z"}
{"message":"ISODate is not defined","stack":"ReferenceError: ISODate is not defined\n    at router.get (D:\\dev\\git\\React\\mosh-course\\vidly-api-node-test\\routes\\movies.js:21:17)\n    at D:\\dev\\git\\React\\mosh-course\\vidly-api-node-test\\node_modules\\express-async-errors\\index.js:17:17\n    at Layer.handle [as handle_request] (D:\\dev\\git\\React\\mosh-course\\vidly-api-node-test\\node_modules\\express\\lib\\router\\layer.js:95:5)\n    at next (D:\\dev\\git\\React\\mosh-course\\vidly-api-node-test\\node_modules\\express\\lib\\router\\route.js:137:13)\n    at Route.dispatch (D:\\dev\\git\\React\\mosh-course\\vidly-api-node-test\\node_modules\\express\\lib\\router\\route.js:112:3)\n    at D:\\dev\\git\\React\\mosh-course\\vidly-api-node-test\\node_modules\\express-async-errors\\index.js:17:17\n    at Layer.handle [as handle_request] (D:\\dev\\git\\React\\mosh-course\\vidly-api-node-test\\node_modules\\express\\lib\\router\\layer.js:95:5)\n    at D:\\dev\\git\\React\\mosh-course\\vidly-api-node-test\\node_modules\\express\\lib\\router\\index.js:281:22\n    at Function.process_params (D:\\dev\\git\\React\\mosh-course\\vidly-api-node-test\\node_modules\\express\\lib\\router\\index.js:335:12)\n    at next (D:\\dev\\git\\React\\mosh-course\\vidly-api-node-test\\node_modules\\express\\lib\\router\\index.js:275:10)\n    at Function.handle (D:\\dev\\git\\React\\mosh-course\\vidly-api-node-test\\node_modules\\express\\lib\\router\\index.js:174:3)\n    at router (D:\\dev\\git\\React\\mosh-course\\vidly-api-node-test\\node_modules\\express\\lib\\router\\index.js:47:12)\n    at D:\\dev\\git\\React\\mosh-course\\vidly-api-node-test\\node_modules\\express-async-errors\\index.js:17:17\n    at Layer.handle [as handle_request] (D:\\dev\\git\\React\\mosh-course\\vidly-api-node-test\\node_modules\\express\\lib\\router\\layer.js:95:5)\n    at trim_prefix (D:\\dev\\git\\React\\mosh-course\\vidly-api-node-test\\node_modules\\express\\lib\\router\\index.js:317:13)\n    at D:\\dev\\git\\React\\mosh-course\\vidly-api-node-test\\node_modules\\express\\lib\\router\\index.js:284:7","level":"error","timestamp":"2019-08-22T10:20:56.512Z"}
{"level":"info","message":"Listening on port 3900...","timestamp":"2019-08-22T10:21:53.110Z"}
{"level":"info","message":"Connected to mongodb://localhost/movie_reviews...","timestamp":"2019-08-22T10:21:55.164Z"}
{"message":"mongoose.ISODate is not a function","stack":"TypeError: mongoose.ISODate is not a function\n    at router.get (D:\\dev\\git\\React\\mosh-course\\vidly-api-node-test\\routes\\movies.js:21:26)\n    at D:\\dev\\git\\React\\mosh-course\\vidly-api-node-test\\node_modules\\express-async-errors\\index.js:17:17\n    at Layer.handle [as handle_request] (D:\\dev\\git\\React\\mosh-course\\vidly-api-node-test\\node_modules\\express\\lib\\router\\layer.js:95:5)\n    at next (D:\\dev\\git\\React\\mosh-course\\vidly-api-node-test\\node_modules\\express\\lib\\router\\route.js:137:13)\n    at Route.dispatch (D:\\dev\\git\\React\\mosh-course\\vidly-api-node-test\\node_modules\\express\\lib\\router\\route.js:112:3)\n    at D:\\dev\\git\\React\\mosh-course\\vidly-api-node-test\\node_modules\\express-async-errors\\index.js:17:17\n    at Layer.handle [as handle_request] (D:\\dev\\git\\React\\mosh-course\\vidly-api-node-test\\node_modules\\express\\lib\\router\\layer.js:95:5)\n    at D:\\dev\\git\\React\\mosh-course\\vidly-api-node-test\\node_modules\\express\\lib\\router\\index.js:281:22\n    at Function.process_params (D:\\dev\\git\\React\\mosh-course\\vidly-api-node-test\\node_modules\\express\\lib\\router\\index.js:335:12)\n    at next (D:\\dev\\git\\React\\mosh-course\\vidly-api-node-test\\node_modules\\express\\lib\\router\\index.js:275:10)\n    at Function.handle (D:\\dev\\git\\React\\mosh-course\\vidly-api-node-test\\node_modules\\express\\lib\\router\\index.js:174:3)\n    at router (D:\\dev\\git\\React\\mosh-course\\vidly-api-node-test\\node_modules\\express\\lib\\router\\index.js:47:12)\n    at D:\\dev\\git\\React\\mosh-course\\vidly-api-node-test\\node_modules\\express-async-errors\\index.js:17:17\n    at Layer.handle [as handle_request] (D:\\dev\\git\\React\\mosh-course\\vidly-api-node-test\\node_modules\\express\\lib\\router\\layer.js:95:5)\n    at trim_prefix (D:\\dev\\git\\React\\mosh-course\\vidly-api-node-test\\node_modules\\express\\lib\\router\\index.js:317:13)\n    at D:\\dev\\git\\React\\mosh-course\\vidly-api-node-test\\node_modules\\express\\lib\\router\\index.js:284:7","level":"error","timestamp":"2019-08-22T10:22:03.906Z"}
{"level":"info","message":"Listening on port 3900...","timestamp":"2019-08-22T10:24:01.229Z"}
{"level":"info","message":"Connected to mongodb://localhost/movie_reviews...","timestamp":"2019-08-22T10:24:03.255Z"}
{"level":"info","message":"Listening on port 3900...","timestamp":"2019-08-22T10:25:03.946Z"}
{"level":"info","message":"Connected to mongodb://localhost/movie_reviews...","timestamp":"2019-08-22T10:25:05.969Z"}
{"level":"info","message":"Listening on port 3900...","timestamp":"2019-08-22T10:26:47.277Z"}
{"level":"info","message":"Connected to mongodb://localhost/movie_reviews...","timestamp":"2019-08-22T10:26:49.297Z"}
{"level":"info","message":"Listening on port 3900...","timestamp":"2019-08-22T10:28:58.844Z"}
{"level":"info","message":"Connected to mongodb://localhost/movie_reviews...","timestamp":"2019-08-22T10:29:00.898Z"}
{"level":"info","message":"Listening on port 3900...","timestamp":"2019-08-22T10:32:18.098Z"}
{"level":"info","message":"Connected to mongodb://localhost/movie_reviews...","timestamp":"2019-08-22T10:32:20.116Z"}
{"level":"info","message":"Listening on port 3900...","timestamp":"2019-08-22T10:35:13.618Z"}
{"level":"info","message":"Connected to mongodb://localhost/movie_reviews...","timestamp":"2019-08-22T10:35:15.647Z"}
{"level":"info","message":"Listening on port 3900...","timestamp":"2019-08-22T10:41:08.068Z"}
{"level":"info","message":"Connected to mongodb://localhost/movie_reviews...","timestamp":"2019-08-22T10:41:10.093Z"}
{"level":"info","message":"Listening on port 3900...","timestamp":"2019-08-22T10:41:45.536Z"}
{"level":"info","message":"Connected to mongodb://localhost/movie_reviews...","timestamp":"2019-08-22T10:41:47.580Z"}
{"level":"info","message":"Listening on port 3900...","timestamp":"2019-08-22T10:47:24.000Z"}
{"level":"info","message":"Connected to mongodb://localhost/movie_reviews...","timestamp":"2019-08-22T10:47:26.019Z"}
{"level":"info","message":"Listening on port 3900...","timestamp":"2019-08-22T10:50:00.527Z"}
{"level":"info","message":"Connected to mongodb://localhost/movie_reviews...","timestamp":"2019-08-22T10:50:02.569Z"}
{"level":"info","message":"Listening on port 3900...","timestamp":"2019-08-22T10:53:27.416Z"}
{"level":"info","message":"Connected to mongodb://localhost/movie_reviews...","timestamp":"2019-08-22T10:53:29.433Z"}
{"level":"info","message":"Listening on port 3900...","timestamp":"2019-08-22T10:55:50.584Z"}
{"level":"info","message":"Connected to mongodb://localhost/movie_reviews...","timestamp":"2019-08-22T10:55:52.616Z"}
{"level":"info","message":"Listening on port 3900...","timestamp":"2019-08-22T10:57:10.547Z"}
{"level":"info","message":"Connected to mongodb://localhost/movie_reviews...","timestamp":"2019-08-22T10:57:12.567Z"}
{"level":"info","message":"Listening on port 3900...","timestamp":"2019-08-22T10:58:01.573Z"}
{"level":"info","message":"Connected to mongodb://localhost/movie_reviews...","timestamp":"2019-08-22T10:58:03.624Z"}
{"level":"info","message":"Listening on port 3900...","timestamp":"2019-08-22T11:01:07.877Z"}
{"level":"info","message":"Connected to mongodb://localhost/movie_reviews...","timestamp":"2019-08-22T11:01:09.926Z"}
{"level":"info","message":"Listening on port 3900...","timestamp":"2019-08-22T11:03:15.479Z"}
{"level":"info","message":"Connected to mongodb://localhost/movie_reviews...","timestamp":"2019-08-22T11:03:17.530Z"}
{"level":"info","message":"Listening on port 3900...","timestamp":"2019-08-22T11:03:40.205Z"}
{"level":"info","message":"Connected to mongodb://localhost/movie_reviews...","timestamp":"2019-08-22T11:03:42.266Z"}
{"level":"info","message":"Listening on port 3900...","timestamp":"2019-08-22T11:05:10.754Z"}
{"level":"info","message":"Connected to mongodb://localhost/movie_reviews...","timestamp":"2019-08-22T11:05:12.796Z"}
{"message":"Date(...).toISOString is not a function","stack":"TypeError: Date(...).toISOString is not a function\n    at router.get (D:\\dev\\git\\React\\mosh-course\\vidly-api-node-test\\routes\\movies.js:20:63)\n    at D:\\dev\\git\\React\\mosh-course\\vidly-api-node-test\\node_modules\\express-async-errors\\index.js:17:17\n    at Layer.handle [as handle_request] (D:\\dev\\git\\React\\mosh-course\\vidly-api-node-test\\node_modules\\express\\lib\\router\\layer.js:95:5)\n    at next (D:\\dev\\git\\React\\mosh-course\\vidly-api-node-test\\node_modules\\express\\lib\\router\\route.js:137:13)\n    at Route.dispatch (D:\\dev\\git\\React\\mosh-course\\vidly-api-node-test\\node_modules\\express\\lib\\router\\route.js:112:3)\n    at D:\\dev\\git\\React\\mosh-course\\vidly-api-node-test\\node_modules\\express-async-errors\\index.js:17:17\n    at Layer.handle [as handle_request] (D:\\dev\\git\\React\\mosh-course\\vidly-api-node-test\\node_modules\\express\\lib\\router\\layer.js:95:5)\n    at D:\\dev\\git\\React\\mosh-course\\vidly-api-node-test\\node_modules\\express\\lib\\router\\index.js:281:22\n    at Function.process_params (D:\\dev\\git\\React\\mosh-course\\vidly-api-node-test\\node_modules\\express\\lib\\router\\index.js:335:12)\n    at next (D:\\dev\\git\\React\\mosh-course\\vidly-api-node-test\\node_modules\\express\\lib\\router\\index.js:275:10)\n    at Function.handle (D:\\dev\\git\\React\\mosh-course\\vidly-api-node-test\\node_modules\\express\\lib\\router\\index.js:174:3)\n    at router (D:\\dev\\git\\React\\mosh-course\\vidly-api-node-test\\node_modules\\express\\lib\\router\\index.js:47:12)\n    at D:\\dev\\git\\React\\mosh-course\\vidly-api-node-test\\node_modules\\express-async-errors\\index.js:17:17\n    at Layer.handle [as handle_request] (D:\\dev\\git\\React\\mosh-course\\vidly-api-node-test\\node_modules\\express\\lib\\router\\layer.js:95:5)\n    at trim_prefix (D:\\dev\\git\\React\\mosh-course\\vidly-api-node-test\\node_modules\\express\\lib\\router\\index.js:317:13)\n    at D:\\dev\\git\\React\\mosh-course\\vidly-api-node-test\\node_modules\\express\\lib\\router\\index.js:284:7","level":"error","timestamp":"2019-08-22T11:05:16.777Z"}
{"level":"info","message":"Listening on port 3900...","timestamp":"2019-08-22T11:06:45.239Z"}
{"level":"info","message":"Connected to mongodb://localhost/movie_reviews...","timestamp":"2019-08-22T11:06:47.304Z"}
{"level":"info","message":"Listening on port 3900...","timestamp":"2019-08-22T11:07:01.934Z"}
{"level":"info","message":"Connected to mongodb://localhost/movie_reviews...","timestamp":"2019-08-22T11:07:03.955Z"}
{"level":"info","message":"Listening on port 3900...","timestamp":"2019-08-22T11:07:50.070Z"}
{"level":"info","message":"Connected to mongodb://localhost/movie_reviews...","timestamp":"2019-08-22T11:07:52.103Z"}
{"level":"info","message":"Listening on port 3900...","timestamp":"2019-08-22T11:08:44.304Z"}
{"level":"info","message":"Connected to mongodb://localhost/movie_reviews...","timestamp":"2019-08-22T11:08:46.331Z"}
{"level":"info","message":"Listening on port 3900...","timestamp":"2019-08-22T11:09:15.289Z"}
{"level":"info","message":"Connected to mongodb://localhost/movie_reviews...","timestamp":"2019-08-22T11:09:17.306Z"}
{"level":"info","message":"Listening on port 3900...","timestamp":"2019-08-22T11:10:55.444Z"}
{"level":"info","message":"Connected to mongodb://localhost/movie_reviews...","timestamp":"2019-08-22T11:10:57.477Z"}
{"level":"info","message":"Listening on port 3900...","timestamp":"2019-08-22T11:13:48.229Z"}
{"level":"info","message":"Connected to mongodb://localhost/movie_reviews...","timestamp":"2019-08-22T11:13:50.284Z"}
{"message":"Unrecognized pipeline stage name: '$where'","name":"MongoError","ok":0,"errmsg":"Unrecognized pipeline stage name: '$where'","code":40324,"codeName":"Location40324","stack":"MongoError: Unrecognized pipeline stage name: '$where'\n    at queryCallback (D:\\dev\\git\\React\\mosh-course\\vidly-api-node-test\\node_modules\\mongodb-core\\lib\\cursor.js:223:25)\n    at D:\\dev\\git\\React\\mosh-course\\vidly-api-node-test\\node_modules\\mongodb-core\\lib\\connection\\pool.js:541:18\n    at process._tickCallback (internal/process/next_tick.js:61:11)","level":"error","timestamp":"2019-08-22T11:13:52.978Z"}
{"level":"info","message":"Listening on port 3900...","timestamp":"2019-08-22T11:15:38.914Z"}
{"level":"info","message":"Connected to mongodb://localhost/movie_reviews...","timestamp":"2019-08-22T11:15:40.933Z"}
{"level":"info","message":"Listening on port 3900...","timestamp":"2019-08-22T11:19:09.192Z"}
{"level":"info","message":"Connected to mongodb://localhost/movie_reviews...","timestamp":"2019-08-22T11:19:11.250Z"}
{"level":"info","message":"Listening on port 3900...","timestamp":"2019-08-22T11:24:19.438Z"}
{"level":"info","message":"Connected to mongodb://localhost/movie_reviews...","timestamp":"2019-08-22T11:24:21.485Z"}
{"message":"ISODate is not defined","stack":"ReferenceError: ISODate is not defined\n    at router.get (D:\\dev\\git\\React\\mosh-course\\vidly-api-node-test\\routes\\movies.js:28:31)\n    at D:\\dev\\git\\React\\mosh-course\\vidly-api-node-test\\node_modules\\express-async-errors\\index.js:17:17\n    at Layer.handle [as handle_request] (D:\\dev\\git\\React\\mosh-course\\vidly-api-node-test\\node_modules\\express\\lib\\router\\layer.js:95:5)\n    at next (D:\\dev\\git\\React\\mosh-course\\vidly-api-node-test\\node_modules\\express\\lib\\router\\route.js:137:13)\n    at Route.dispatch (D:\\dev\\git\\React\\mosh-course\\vidly-api-node-test\\node_modules\\express\\lib\\router\\route.js:112:3)\n    at D:\\dev\\git\\React\\mosh-course\\vidly-api-node-test\\node_modules\\express-async-errors\\index.js:17:17\n    at Layer.handle [as handle_request] (D:\\dev\\git\\React\\mosh-course\\vidly-api-node-test\\node_modules\\express\\lib\\router\\layer.js:95:5)\n    at D:\\dev\\git\\React\\mosh-course\\vidly-api-node-test\\node_modules\\express\\lib\\router\\index.js:281:22\n    at Function.process_params (D:\\dev\\git\\React\\mosh-course\\vidly-api-node-test\\node_modules\\express\\lib\\router\\index.js:335:12)\n    at next (D:\\dev\\git\\React\\mosh-course\\vidly-api-node-test\\node_modules\\express\\lib\\router\\index.js:275:10)\n    at Function.handle (D:\\dev\\git\\React\\mosh-course\\vidly-api-node-test\\node_modules\\express\\lib\\router\\index.js:174:3)\n    at router (D:\\dev\\git\\React\\mosh-course\\vidly-api-node-test\\node_modules\\express\\lib\\router\\index.js:47:12)\n    at D:\\dev\\git\\React\\mosh-course\\vidly-api-node-test\\node_modules\\express-async-errors\\index.js:17:17\n    at Layer.handle [as handle_request] (D:\\dev\\git\\React\\mosh-course\\vidly-api-node-test\\node_modules\\express\\lib\\router\\layer.js:95:5)\n    at trim_prefix (D:\\dev\\git\\React\\mosh-course\\vidly-api-node-test\\node_modules\\express\\lib\\router\\index.js:317:13)\n    at D:\\dev\\git\\React\\mosh-course\\vidly-api-node-test\\node_modules\\express\\lib\\router\\index.js:284:7","level":"error","timestamp":"2019-08-22T11:24:25.765Z"}
{"level":"info","message":"Listening on port 3900...","timestamp":"2019-08-22T11:25:56.044Z"}
{"level":"info","message":"Connected to mongodb://localhost/movie_reviews...","timestamp":"2019-08-22T11:25:58.072Z"}
{"level":"info","message":"Listening on port 3900...","timestamp":"2019-08-22T11:26:27.100Z"}
{"level":"info","message":"Connected to mongodb://localhost/movie_reviews...","timestamp":"2019-08-22T11:26:29.147Z"}
{"level":"info","message":"Listening on port 3900...","timestamp":"2019-08-22T11:26:47.662Z"}
{"level":"info","message":"Connected to mongodb://localhost/movie_reviews...","timestamp":"2019-08-22T11:26:49.683Z"}
{"level":"info","message":"Listening on port 3900...","timestamp":"2019-08-22T11:27:29.563Z"}
{"level":"info","message":"Connected to mongodb://localhost/movie_reviews...","timestamp":"2019-08-22T11:27:31.580Z"}
{"level":"info","message":"Listening on port 3900...","timestamp":"2019-08-22T11:27:50.782Z"}
{"level":"info","message":"Connected to mongodb://localhost/movie_reviews...","timestamp":"2019-08-22T11:27:52.829Z"}
{"level":"info","message":"Listening on port 3900...","timestamp":"2019-08-23T03:47:28.751Z"}
{"level":"info","message":"Connected to mongodb://localhost/movie_reviews...","timestamp":"2019-08-23T03:47:30.784Z"}
{"level":"info","message":"Listening on port 3900...","timestamp":"2019-08-23T04:08:26.621Z"}
{"level":"info","message":"Connected to mongodb://localhost/movie_reviews...","timestamp":"2019-08-23T04:08:28.676Z"}
{"level":"info","message":"Listening on port 3900...","timestamp":"2019-08-23T04:09:02.164Z"}
{"level":"info","message":"Connected to mongodb://localhost/movie_reviews...","timestamp":"2019-08-23T04:09:04.182Z"}
{"level":"info","message":"Listening on port 3900...","timestamp":"2019-08-23T04:10:44.946Z"}
{"level":"info","message":"Connected to mongodb://localhost/movie_reviews...","timestamp":"2019-08-23T04:10:46.970Z"}
{"level":"info","message":"Listening on port 3900...","timestamp":"2019-08-23T04:10:59.716Z"}
{"level":"info","message":"Connected to mongodb://localhost/movie_reviews...","timestamp":"2019-08-23T04:11:01.767Z"}
{"level":"info","message":"Listening on port 3900...","timestamp":"2019-08-23T04:11:42.932Z"}
{"level":"info","message":"Connected to mongodb://localhost/movie_reviews...","timestamp":"2019-08-23T04:11:44.978Z"}
{"level":"info","message":"Listening on port 3900...","timestamp":"2019-08-23T04:23:44.597Z"}
{"level":"info","message":"Connected to mongodb://localhost/movie_reviews...","timestamp":"2019-08-23T04:23:46.650Z"}
{"level":"info","message":"Listening on port 3900...","timestamp":"2019-08-23T04:31:41.095Z"}
{"level":"info","message":"Connected to mongodb://localhost/movie_reviews...","timestamp":"2019-08-23T04:31:43.132Z"}
{"level":"info","message":"Listening on port 3900...","timestamp":"2019-08-23T05:03:36.196Z"}
{"level":"info","message":"Connected to mongodb://localhost/movie_reviews...","timestamp":"2019-08-23T05:03:38.213Z"}
{"message":"Reviews validation failed: movie.name: Path `name` (``) is shorter than the minimum allowed length (5)., movie: Validation failed: name: Path `name` (``) is shorter than the minimum allowed length (5).","errors":{"movie.name":{"message":"Path `name` (``) is shorter than the minimum allowed length (5).","name":"ValidatorError","properties":{"message":"Path `{PATH}` (`{VALUE}`) is shorter than the minimum allowed length (5).","type":"minlength","minlength":5,"path":"name","value":""},"kind":"minlength","path":"name","value":"","$isValidatorError":true},"movie":{"errors":{"name":{"message":"Path `name` (``) is shorter than the minimum allowed length (5).","name":"ValidatorError","properties":{"message":"Path `{PATH}` (`{VALUE}`) is shorter than the minimum allowed length (5).","type":"minlength","minlength":5,"path":"name","value":""},"kind":"minlength","path":"name","value":"","$isValidatorError":true}},"_message":"Validation failed","message":"Validation failed: name: Path `name` (``) is shorter than the minimum allowed length (5).","name":"ValidationError"}},"_message":"Reviews validation failed","stack":"ValidationError: Reviews validation failed: movie.name: Path `name` (``) is shorter than the minimum allowed length (5)., movie: Validation failed: name: Path `name` (``) is shorter than the minimum allowed length (5).\n    at new ValidationError (D:\\dev\\git\\React\\mosh-course\\vidly-api-node-test\\node_modules\\mongoose\\lib\\error\\validation.js:27:11)\n    at model.Document.invalidate (D:\\dev\\git\\React\\mosh-course\\vidly-api-node-test\\node_modules\\mongoose\\lib\\document.js:1656:32)\n    at SingleNested.Subdocument.invalidate (D:\\dev\\git\\React\\mosh-course\\vidly-api-node-test\\node_modules\\mongoose\\lib\\types\\subdocument.js:94:18)\n    at D:\\dev\\git\\React\\mosh-course\\vidly-api-node-test\\node_modules\\mongoose\\lib\\document.js:1528:17\n    at Immediate.<anonymous> (D:\\dev\\git\\React\\mosh-course\\vidly-api-node-test\\node_modules\\mongoose\\lib\\schematype.js:785:9)\n    at runCallback (timers.js:705:18)\n    at tryOnImmediate (timers.js:676:5)\n    at processImmediate (timers.js:658:5)","name":"ValidationError","level":"error","timestamp":"2019-08-23T05:08:52.881Z"}
{"message":"Reviews validation failed: movie.name: Path `name` (``) is shorter than the minimum allowed length (5)., movie: Validation failed: name: Path `name` (``) is shorter than the minimum allowed length (5).","errors":{"movie.name":{"message":"Path `name` (``) is shorter than the minimum allowed length (5).","name":"ValidatorError","properties":{"message":"Path `{PATH}` (`{VALUE}`) is shorter than the minimum allowed length (5).","type":"minlength","minlength":5,"path":"name","value":""},"kind":"minlength","path":"name","value":"","$isValidatorError":true},"movie":{"errors":{"name":{"message":"Path `name` (``) is shorter than the minimum allowed length (5).","name":"ValidatorError","properties":{"message":"Path `{PATH}` (`{VALUE}`) is shorter than the minimum allowed length (5).","type":"minlength","minlength":5,"path":"name","value":""},"kind":"minlength","path":"name","value":"","$isValidatorError":true}},"_message":"Validation failed","message":"Validation failed: name: Path `name` (``) is shorter than the minimum allowed length (5).","name":"ValidationError"}},"_message":"Reviews validation failed","stack":"ValidationError: Reviews validation failed: movie.name: Path `name` (``) is shorter than the minimum allowed length (5)., movie: Validation failed: name: Path `name` (``) is shorter than the minimum allowed length (5).\n    at new ValidationError (D:\\dev\\git\\React\\mosh-course\\vidly-api-node-test\\node_modules\\mongoose\\lib\\error\\validation.js:27:11)\n    at model.Document.invalidate (D:\\dev\\git\\React\\mosh-course\\vidly-api-node-test\\node_modules\\mongoose\\lib\\document.js:1656:32)\n    at SingleNested.Subdocument.invalidate (D:\\dev\\git\\React\\mosh-course\\vidly-api-node-test\\node_modules\\mongoose\\lib\\types\\subdocument.js:94:18)\n    at D:\\dev\\git\\React\\mosh-course\\vidly-api-node-test\\node_modules\\mongoose\\lib\\document.js:1528:17\n    at Immediate.<anonymous> (D:\\dev\\git\\React\\mosh-course\\vidly-api-node-test\\node_modules\\mongoose\\lib\\schematype.js:785:9)\n    at runCallback (timers.js:705:18)\n    at tryOnImmediate (timers.js:676:5)\n    at processImmediate (timers.js:658:5)","name":"ValidationError","level":"error","timestamp":"2019-08-23T05:08:54.018Z"}
{"message":"Reviews validation failed: movie.name: Path `name` (``) is shorter than the minimum allowed length (5)., movie: Validation failed: name: Path `name` (``) is shorter than the minimum allowed length (5).","errors":{"movie.name":{"message":"Path `name` (``) is shorter than the minimum allowed length (5).","name":"ValidatorError","properties":{"message":"Path `{PATH}` (`{VALUE}`) is shorter than the minimum allowed length (5).","type":"minlength","minlength":5,"path":"name","value":""},"kind":"minlength","path":"name","value":"","$isValidatorError":true},"movie":{"errors":{"name":{"message":"Path `name` (``) is shorter than the minimum allowed length (5).","name":"ValidatorError","properties":{"message":"Path `{PATH}` (`{VALUE}`) is shorter than the minimum allowed length (5).","type":"minlength","minlength":5,"path":"name","value":""},"kind":"minlength","path":"name","value":"","$isValidatorError":true}},"_message":"Validation failed","message":"Validation failed: name: Path `name` (``) is shorter than the minimum allowed length (5).","name":"ValidationError"}},"_message":"Reviews validation failed","stack":"ValidationError: Reviews validation failed: movie.name: Path `name` (``) is shorter than the minimum allowed length (5)., movie: Validation failed: name: Path `name` (``) is shorter than the minimum allowed length (5).\n    at new ValidationError (D:\\dev\\git\\React\\mosh-course\\vidly-api-node-test\\node_modules\\mongoose\\lib\\error\\validation.js:27:11)\n    at model.Document.invalidate (D:\\dev\\git\\React\\mosh-course\\vidly-api-node-test\\node_modules\\mongoose\\lib\\document.js:1656:32)\n    at SingleNested.Subdocument.invalidate (D:\\dev\\git\\React\\mosh-course\\vidly-api-node-test\\node_modules\\mongoose\\lib\\types\\subdocument.js:94:18)\n    at D:\\dev\\git\\React\\mosh-course\\vidly-api-node-test\\node_modules\\mongoose\\lib\\document.js:1528:17\n    at Immediate.<anonymous> (D:\\dev\\git\\React\\mosh-course\\vidly-api-node-test\\node_modules\\mongoose\\lib\\schematype.js:785:9)\n    at runCallback (timers.js:705:18)\n    at tryOnImmediate (timers.js:676:5)\n    at processImmediate (timers.js:658:5)","name":"ValidationError","level":"error","timestamp":"2019-08-23T05:09:00.129Z"}
{"message":"Reviews validation failed: movie.name: Path `name` (``) is shorter than the minimum allowed length (5)., movie: Validation failed: name: Path `name` (``) is shorter than the minimum allowed length (5).","errors":{"movie.name":{"message":"Path `name` (``) is shorter than the minimum allowed length (5).","name":"ValidatorError","properties":{"message":"Path `{PATH}` (`{VALUE}`) is shorter than the minimum allowed length (5).","type":"minlength","minlength":5,"path":"name","value":""},"kind":"minlength","path":"name","value":"","$isValidatorError":true},"movie":{"errors":{"name":{"message":"Path `name` (``) is shorter than the minimum allowed length (5).","name":"ValidatorError","properties":{"message":"Path `{PATH}` (`{VALUE}`) is shorter than the minimum allowed length (5).","type":"minlength","minlength":5,"path":"name","value":""},"kind":"minlength","path":"name","value":"","$isValidatorError":true}},"_message":"Validation failed","message":"Validation failed: name: Path `name` (``) is shorter than the minimum allowed length (5).","name":"ValidationError"}},"_message":"Reviews validation failed","stack":"ValidationError: Reviews validation failed: movie.name: Path `name` (``) is shorter than the minimum allowed length (5)., movie: Validation failed: name: Path `name` (``) is shorter than the minimum allowed length (5).\n    at new ValidationError (D:\\dev\\git\\React\\mosh-course\\vidly-api-node-test\\node_modules\\mongoose\\lib\\error\\validation.js:27:11)\n    at model.Document.invalidate (D:\\dev\\git\\React\\mosh-course\\vidly-api-node-test\\node_modules\\mongoose\\lib\\document.js:1656:32)\n    at SingleNested.Subdocument.invalidate (D:\\dev\\git\\React\\mosh-course\\vidly-api-node-test\\node_modules\\mongoose\\lib\\types\\subdocument.js:94:18)\n    at D:\\dev\\git\\React\\mosh-course\\vidly-api-node-test\\node_modules\\mongoose\\lib\\document.js:1528:17\n    at Immediate.<anonymous> (D:\\dev\\git\\React\\mosh-course\\vidly-api-node-test\\node_modules\\mongoose\\lib\\schematype.js:785:9)\n    at runCallback (timers.js:705:18)\n    at tryOnImmediate (timers.js:676:5)\n    at processImmediate (timers.js:658:5)","name":"ValidationError","level":"error","timestamp":"2019-08-23T05:09:11.762Z"}
{"message":"Reviews validation failed: movie.name: Path `name` (``) is shorter than the minimum allowed length (5)., movie: Validation failed: name: Path `name` (``) is shorter than the minimum allowed length (5).","errors":{"movie.name":{"message":"Path `name` (``) is shorter than the minimum allowed length (5).","name":"ValidatorError","properties":{"message":"Path `{PATH}` (`{VALUE}`) is shorter than the minimum allowed length (5).","type":"minlength","minlength":5,"path":"name","value":""},"kind":"minlength","path":"name","value":"","$isValidatorError":true},"movie":{"errors":{"name":{"message":"Path `name` (``) is shorter than the minimum allowed length (5).","name":"ValidatorError","properties":{"message":"Path `{PATH}` (`{VALUE}`) is shorter than the minimum allowed length (5).","type":"minlength","minlength":5,"path":"name","value":""},"kind":"minlength","path":"name","value":"","$isValidatorError":true}},"_message":"Validation failed","message":"Validation failed: name: Path `name` (``) is shorter than the minimum allowed length (5).","name":"ValidationError"}},"_message":"Reviews validation failed","stack":"ValidationError: Reviews validation failed: movie.name: Path `name` (``) is shorter than the minimum allowed length (5)., movie: Validation failed: name: Path `name` (``) is shorter than the minimum allowed length (5).\n    at new ValidationError (D:\\dev\\git\\React\\mosh-course\\vidly-api-node-test\\node_modules\\mongoose\\lib\\error\\validation.js:27:11)\n    at model.Document.invalidate (D:\\dev\\git\\React\\mosh-course\\vidly-api-node-test\\node_modules\\mongoose\\lib\\document.js:1656:32)\n    at SingleNested.Subdocument.invalidate (D:\\dev\\git\\React\\mosh-course\\vidly-api-node-test\\node_modules\\mongoose\\lib\\types\\subdocument.js:94:18)\n    at D:\\dev\\git\\React\\mosh-course\\vidly-api-node-test\\node_modules\\mongoose\\lib\\document.js:1528:17\n    at Immediate.<anonymous> (D:\\dev\\git\\React\\mosh-course\\vidly-api-node-test\\node_modules\\mongoose\\lib\\schematype.js:785:9)\n    at runCallback (timers.js:705:18)\n    at tryOnImmediate (timers.js:676:5)\n    at processImmediate (timers.js:658:5)","name":"ValidationError","level":"error","timestamp":"2019-08-23T05:09:18.677Z"}
{"level":"info","message":"Listening on port 3900...","timestamp":"2019-08-23T05:10:44.492Z"}
{"level":"info","message":"Connected to mongodb://localhost/movie_reviews...","timestamp":"2019-08-23T05:10:46.544Z"}
{"level":"info","message":"Listening on port 3900...","timestamp":"2019-08-23T05:11:20.561Z"}
{"level":"info","message":"Connected to mongodb://localhost/movie_reviews...","timestamp":"2019-08-23T05:11:22.584Z"}
{"level":"info","message":"Listening on port 3900...","timestamp":"2019-08-23T05:34:20.358Z"}
{"level":"info","message":"Connected to mongodb://localhost/movie_reviews...","timestamp":"2019-08-23T05:34:22.399Z"}
{"level":"info","message":"Listening on port 3900...","timestamp":"2019-08-23T05:36:22.247Z"}
{"level":"info","message":"Connected to mongodb://localhost/movie_reviews...","timestamp":"2019-08-23T05:36:24.273Z"}
{"level":"info","message":"Listening on port 3900...","timestamp":"2019-08-23T05:36:58.778Z"}
{"level":"info","message":"Connected to mongodb://localhost/movie_reviews...","timestamp":"2019-08-23T05:37:00.838Z"}
{"level":"info","message":"Listening on port 3900...","timestamp":"2019-08-23T05:37:41.648Z"}
{"level":"info","message":"Connected to mongodb://localhost/movie_reviews...","timestamp":"2019-08-23T05:37:43.716Z"}
{"level":"info","message":"Listening on port 3900...","timestamp":"2019-08-23T05:43:30.722Z"}
{"level":"info","message":"Connected to mongodb://localhost/movie_reviews...","timestamp":"2019-08-23T05:43:32.783Z"}
{"message":"ObjectId is not defined","stack":"ReferenceError: ObjectId is not defined\n    at router.get (D:\\dev\\git\\React\\mosh-course\\vidly-api-node-test\\routes\\reviews.js:20:18)\n    at D:\\dev\\git\\React\\mosh-course\\vidly-api-node-test\\node_modules\\express-async-errors\\index.js:17:17\n    at Layer.handle [as handle_request] (D:\\dev\\git\\React\\mosh-course\\vidly-api-node-test\\node_modules\\express\\lib\\router\\layer.js:95:5)\n    at next (D:\\dev\\git\\React\\mosh-course\\vidly-api-node-test\\node_modules\\express\\lib\\router\\route.js:137:13)\n    at Route.dispatch (D:\\dev\\git\\React\\mosh-course\\vidly-api-node-test\\node_modules\\express\\lib\\router\\route.js:112:3)\n    at D:\\dev\\git\\React\\mosh-course\\vidly-api-node-test\\node_modules\\express-async-errors\\index.js:17:17\n    at Layer.handle [as handle_request] (D:\\dev\\git\\React\\mosh-course\\vidly-api-node-test\\node_modules\\express\\lib\\router\\layer.js:95:5)\n    at D:\\dev\\git\\React\\mosh-course\\vidly-api-node-test\\node_modules\\express\\lib\\router\\index.js:281:22\n    at param (D:\\dev\\git\\React\\mosh-course\\vidly-api-node-test\\node_modules\\express\\lib\\router\\index.js:354:14)\n    at param (D:\\dev\\git\\React\\mosh-course\\vidly-api-node-test\\node_modules\\express\\lib\\router\\index.js:365:14)\n    at Function.process_params (D:\\dev\\git\\React\\mosh-course\\vidly-api-node-test\\node_modules\\express\\lib\\router\\index.js:410:3)\n    at next (D:\\dev\\git\\React\\mosh-course\\vidly-api-node-test\\node_modules\\express\\lib\\router\\index.js:275:10)\n    at Function.handle (D:\\dev\\git\\React\\mosh-course\\vidly-api-node-test\\node_modules\\express\\lib\\router\\index.js:174:3)\n    at router (D:\\dev\\git\\React\\mosh-course\\vidly-api-node-test\\node_modules\\express\\lib\\router\\index.js:47:12)\n    at D:\\dev\\git\\React\\mosh-course\\vidly-api-node-test\\node_modules\\express-async-errors\\index.js:17:17\n    at Layer.handle [as handle_request] (D:\\dev\\git\\React\\mosh-course\\vidly-api-node-test\\node_modules\\express\\lib\\router\\layer.js:95:5)","level":"error","timestamp":"2019-08-23T05:43:40.843Z"}
{"level":"info","message":"Listening on port 3900...","timestamp":"2019-08-23T05:45:02.635Z"}
{"level":"info","message":"Connected to mongodb://localhost/movie_reviews...","timestamp":"2019-08-23T05:45:04.683Z"}
{"message":"Argument passed in must be a single String of 12 bytes or a string of 24 hex characters","stack":"Error: Argument passed in must be a single String of 12 bytes or a string of 24 hex characters\n    at new ObjectID (D:\\dev\\git\\React\\mosh-course\\vidly-api-node-test\\node_modules\\bson\\lib\\bson\\objectid.js:50:11)\n    at router.get (D:\\dev\\git\\React\\mosh-course\\vidly-api-node-test\\routes\\reviews.js:22:18)\n    at D:\\dev\\git\\React\\mosh-course\\vidly-api-node-test\\node_modules\\express-async-errors\\index.js:17:17\n    at Layer.handle [as handle_request] (D:\\dev\\git\\React\\mosh-course\\vidly-api-node-test\\node_modules\\express\\lib\\router\\layer.js:95:5)\n    at next (D:\\dev\\git\\React\\mosh-course\\vidly-api-node-test\\node_modules\\express\\lib\\router\\route.js:137:13)\n    at Route.dispatch (D:\\dev\\git\\React\\mosh-course\\vidly-api-node-test\\node_modules\\express\\lib\\router\\route.js:112:3)\n    at D:\\dev\\git\\React\\mosh-course\\vidly-api-node-test\\node_modules\\express-async-errors\\index.js:17:17\n    at Layer.handle [as handle_request] (D:\\dev\\git\\React\\mosh-course\\vidly-api-node-test\\node_modules\\express\\lib\\router\\layer.js:95:5)\n    at D:\\dev\\git\\React\\mosh-course\\vidly-api-node-test\\node_modules\\express\\lib\\router\\index.js:281:22\n    at param (D:\\dev\\git\\React\\mosh-course\\vidly-api-node-test\\node_modules\\express\\lib\\router\\index.js:354:14)\n    at param (D:\\dev\\git\\React\\mosh-course\\vidly-api-node-test\\node_modules\\express\\lib\\router\\index.js:365:14)\n    at Function.process_params (D:\\dev\\git\\React\\mosh-course\\vidly-api-node-test\\node_modules\\express\\lib\\router\\index.js:410:3)\n    at next (D:\\dev\\git\\React\\mosh-course\\vidly-api-node-test\\node_modules\\express\\lib\\router\\index.js:275:10)\n    at Function.handle (D:\\dev\\git\\React\\mosh-course\\vidly-api-node-test\\node_modules\\express\\lib\\router\\index.js:174:3)\n    at router (D:\\dev\\git\\React\\mosh-course\\vidly-api-node-test\\node_modules\\express\\lib\\router\\index.js:47:12)\n    at D:\\dev\\git\\React\\mosh-course\\vidly-api-node-test\\node_modules\\express-async-errors\\index.js:17:17","level":"error","timestamp":"2019-08-23T06:46:57.182Z"}
{"message":"Argument passed in must be a single String of 12 bytes or a string of 24 hex characters","stack":"Error: Argument passed in must be a single String of 12 bytes or a string of 24 hex characters\n    at new ObjectID (D:\\dev\\git\\React\\mosh-course\\vidly-api-node-test\\node_modules\\bson\\lib\\bson\\objectid.js:50:11)\n    at router.get (D:\\dev\\git\\React\\mosh-course\\vidly-api-node-test\\routes\\reviews.js:22:18)\n    at D:\\dev\\git\\React\\mosh-course\\vidly-api-node-test\\node_modules\\express-async-errors\\index.js:17:17\n    at Layer.handle [as handle_request] (D:\\dev\\git\\React\\mosh-course\\vidly-api-node-test\\node_modules\\express\\lib\\router\\layer.js:95:5)\n    at next (D:\\dev\\git\\React\\mosh-course\\vidly-api-node-test\\node_modules\\express\\lib\\router\\route.js:137:13)\n    at Route.dispatch (D:\\dev\\git\\React\\mosh-course\\vidly-api-node-test\\node_modules\\express\\lib\\router\\route.js:112:3)\n    at D:\\dev\\git\\React\\mosh-course\\vidly-api-node-test\\node_modules\\express-async-errors\\index.js:17:17\n    at Layer.handle [as handle_request] (D:\\dev\\git\\React\\mosh-course\\vidly-api-node-test\\node_modules\\express\\lib\\router\\layer.js:95:5)\n    at D:\\dev\\git\\React\\mosh-course\\vidly-api-node-test\\node_modules\\express\\lib\\router\\index.js:281:22\n    at param (D:\\dev\\git\\React\\mosh-course\\vidly-api-node-test\\node_modules\\express\\lib\\router\\index.js:354:14)\n    at param (D:\\dev\\git\\React\\mosh-course\\vidly-api-node-test\\node_modules\\express\\lib\\router\\index.js:365:14)\n    at Function.process_params (D:\\dev\\git\\React\\mosh-course\\vidly-api-node-test\\node_modules\\express\\lib\\router\\index.js:410:3)\n    at next (D:\\dev\\git\\React\\mosh-course\\vidly-api-node-test\\node_modules\\express\\lib\\router\\index.js:275:10)\n    at Function.handle (D:\\dev\\git\\React\\mosh-course\\vidly-api-node-test\\node_modules\\express\\lib\\router\\index.js:174:3)\n    at router (D:\\dev\\git\\React\\mosh-course\\vidly-api-node-test\\node_modules\\express\\lib\\router\\index.js:47:12)\n    at D:\\dev\\git\\React\\mosh-course\\vidly-api-node-test\\node_modules\\express-async-errors\\index.js:17:17","level":"error","timestamp":"2019-08-23T06:46:57.263Z"}
{"message":"Argument passed in must be a single String of 12 bytes or a string of 24 hex characters","stack":"Error: Argument passed in must be a single String of 12 bytes or a string of 24 hex characters\n    at new ObjectID (D:\\dev\\git\\React\\mosh-course\\vidly-api-node-test\\node_modules\\bson\\lib\\bson\\objectid.js:50:11)\n    at router.get (D:\\dev\\git\\React\\mosh-course\\vidly-api-node-test\\routes\\reviews.js:22:18)\n    at D:\\dev\\git\\React\\mosh-course\\vidly-api-node-test\\node_modules\\express-async-errors\\index.js:17:17\n    at Layer.handle [as handle_request] (D:\\dev\\git\\React\\mosh-course\\vidly-api-node-test\\node_modules\\express\\lib\\router\\layer.js:95:5)\n    at next (D:\\dev\\git\\React\\mosh-course\\vidly-api-node-test\\node_modules\\express\\lib\\router\\route.js:137:13)\n    at Route.dispatch (D:\\dev\\git\\React\\mosh-course\\vidly-api-node-test\\node_modules\\express\\lib\\router\\route.js:112:3)\n    at D:\\dev\\git\\React\\mosh-course\\vidly-api-node-test\\node_modules\\express-async-errors\\index.js:17:17\n    at Layer.handle [as handle_request] (D:\\dev\\git\\React\\mosh-course\\vidly-api-node-test\\node_modules\\express\\lib\\router\\layer.js:95:5)\n    at D:\\dev\\git\\React\\mosh-course\\vidly-api-node-test\\node_modules\\express\\lib\\router\\index.js:281:22\n    at param (D:\\dev\\git\\React\\mosh-course\\vidly-api-node-test\\node_modules\\express\\lib\\router\\index.js:354:14)\n    at param (D:\\dev\\git\\React\\mosh-course\\vidly-api-node-test\\node_modules\\express\\lib\\router\\index.js:365:14)\n    at Function.process_params (D:\\dev\\git\\React\\mosh-course\\vidly-api-node-test\\node_modules\\express\\lib\\router\\index.js:410:3)\n    at next (D:\\dev\\git\\React\\mosh-course\\vidly-api-node-test\\node_modules\\express\\lib\\router\\index.js:275:10)\n    at Function.handle (D:\\dev\\git\\React\\mosh-course\\vidly-api-node-test\\node_modules\\express\\lib\\router\\index.js:174:3)\n    at router (D:\\dev\\git\\React\\mosh-course\\vidly-api-node-test\\node_modules\\express\\lib\\router\\index.js:47:12)\n    at D:\\dev\\git\\React\\mosh-course\\vidly-api-node-test\\node_modules\\express-async-errors\\index.js:17:17","level":"error","timestamp":"2019-08-23T06:46:57.313Z"}
{"level":"info","message":"Listening on port 3900...","timestamp":"2019-08-23T07:22:38.604Z"}
{"level":"info","message":"Connected to mongodb://localhost/movie_reviews...","timestamp":"2019-08-23T07:22:40.653Z"}
{"level":"info","message":"Listening on port 3900...","timestamp":"2019-08-23T07:23:12.926Z"}
{"level":"info","message":"Connected to mongodb://localhost/movie_reviews...","timestamp":"2019-08-23T07:23:14.955Z"}
{"level":"info","message":"Listening on port 3900...","timestamp":"2019-08-23T08:12:59.469Z"}
{"level":"info","message":"Connected to mongodb://localhost/movie_reviews...","timestamp":"2019-08-23T08:13:01.488Z"}
{"level":"info","message":"Listening on port 3900...","timestamp":"2019-08-23T08:13:15.832Z"}
{"level":"info","message":"Listening on port 3900...","timestamp":"2019-08-23T08:13:21.627Z"}
{"level":"info","message":"Connected to mongodb://localhost/movie_reviews...","timestamp":"2019-08-23T08:13:23.644Z"}
{"level":"info","message":"Listening on port 3900...","timestamp":"2019-08-23T10:33:15.964Z"}
{"level":"info","message":"Connected to mongodb://localhost/movie_reviews...","timestamp":"2019-08-23T10:33:17.986Z"}
{"level":"info","message":"Listening on port 3900...","timestamp":"2019-08-23T10:58:00.589Z"}
{"level":"info","message":"Connected to mongodb://localhost/movie_reviews...","timestamp":"2019-08-23T10:58:02.609Z"}
{"level":"info","message":"Listening on port 3900...","timestamp":"2019-08-23T11:05:29.363Z"}
{"level":"info","message":"Connected to mongodb://localhost/movie_reviews...","timestamp":"2019-08-23T11:05:31.397Z"}
{"level":"info","message":"Listening on port 3900...","timestamp":"2019-08-23T11:06:31.052Z"}
{"level":"info","message":"Connected to mongodb://localhost/movie_reviews...","timestamp":"2019-08-23T11:06:33.073Z"}
{"level":"info","message":"Listening on port 3900...","timestamp":"2019-08-23T11:11:48.464Z"}
{"level":"info","message":"Connected to mongodb://localhost/movie_reviews...","timestamp":"2019-08-23T11:11:50.485Z"}
{"level":"info","message":"Listening on port 3900...","timestamp":"2019-08-23T12:25:37.542Z"}
{"level":"info","message":"Connected to mongodb://localhost/movie_reviews...","timestamp":"2019-08-23T12:25:39.560Z"}
{"level":"info","message":"Listening on port 3900...","timestamp":"2019-08-23T13:02:00.507Z"}
{"level":"info","message":"Connected to mongodb://localhost/movie_reviews...","timestamp":"2019-08-23T13:02:02.535Z"}
{"level":"info","message":"Listening on port 3900...","timestamp":"2019-08-24T08:45:03.419Z"}
{"level":"info","message":"Connected to mongodb://localhost/movie_reviews...","timestamp":"2019-08-24T08:45:05.454Z"}
{"level":"info","message":"Listening on port 3900...","timestamp":"2019-08-24T12:54:00.733Z"}
{"level":"info","message":"Connected to mongodb://localhost/movie_reviews...","timestamp":"2019-08-24T12:54:02.813Z"}
{"level":"info","message":"Listening on port 3900...","timestamp":"2019-08-25T11:11:49.407Z"}
{"level":"info","message":"Connected to mongodb://localhost/movie_reviews...","timestamp":"2019-08-25T11:11:51.439Z"}
{"level":"info","message":"Listening on port 3900...","timestamp":"2019-08-25T12:58:30.619Z"}
{"level":"info","message":"Connected to mongodb://localhost/movie_reviews...","timestamp":"2019-08-25T12:58:32.659Z"}
{"message":"Cannot read property 'file' of undefined","stack":"TypeError: Cannot read property 'file' of undefined\n    at router.post (D:\\dev\\git\\React\\mosh-course\\vidly-api-node-test\\routes\\upload.js:5:29)\n    at D:\\dev\\git\\React\\mosh-course\\vidly-api-node-test\\node_modules\\express-async-errors\\index.js:17:17\n    at Layer.handle [as handle_request] (D:\\dev\\git\\React\\mosh-course\\vidly-api-node-test\\node_modules\\express\\lib\\router\\layer.js:95:5)\n    at next (D:\\dev\\git\\React\\mosh-course\\vidly-api-node-test\\node_modules\\express\\lib\\router\\route.js:137:13)\n    at Route.dispatch (D:\\dev\\git\\React\\mosh-course\\vidly-api-node-test\\node_modules\\express\\lib\\router\\route.js:112:3)\n    at D:\\dev\\git\\React\\mosh-course\\vidly-api-node-test\\node_modules\\express-async-errors\\index.js:17:17\n    at Layer.handle [as handle_request] (D:\\dev\\git\\React\\mosh-course\\vidly-api-node-test\\node_modules\\express\\lib\\router\\layer.js:95:5)\n    at D:\\dev\\git\\React\\mosh-course\\vidly-api-node-test\\node_modules\\express\\lib\\router\\index.js:281:22\n    at Function.process_params (D:\\dev\\git\\React\\mosh-course\\vidly-api-node-test\\node_modules\\express\\lib\\router\\index.js:335:12)\n    at next (D:\\dev\\git\\React\\mosh-course\\vidly-api-node-test\\node_modules\\express\\lib\\router\\index.js:275:10)\n    at Function.handle (D:\\dev\\git\\React\\mosh-course\\vidly-api-node-test\\node_modules\\express\\lib\\router\\index.js:174:3)\n    at router (D:\\dev\\git\\React\\mosh-course\\vidly-api-node-test\\node_modules\\express\\lib\\router\\index.js:47:12)\n    at D:\\dev\\git\\React\\mosh-course\\vidly-api-node-test\\node_modules\\express-async-errors\\index.js:17:17\n    at Layer.handle [as handle_request] (D:\\dev\\git\\React\\mosh-course\\vidly-api-node-test\\node_modules\\express\\lib\\router\\layer.js:95:5)\n    at trim_prefix (D:\\dev\\git\\React\\mosh-course\\vidly-api-node-test\\node_modules\\express\\lib\\router\\index.js:317:13)\n    at D:\\dev\\git\\React\\mosh-course\\vidly-api-node-test\\node_modules\\express\\lib\\router\\index.js:284:7","level":"error","timestamp":"2019-08-25T13:00:03.597Z"}
{"level":"info","message":"Listening on port 3900...","timestamp":"2019-08-25T13:01:09.342Z"}
{"level":"info","message":"Connected to mongodb://localhost/movie_reviews...","timestamp":"2019-08-25T13:01:11.406Z"}
{"message":"Cannot read property 'file' of undefined","stack":"TypeError: Cannot read property 'file' of undefined\n    at router.post (D:\\dev\\git\\React\\mosh-course\\vidly-api-node-test\\routes\\upload.js:6:29)\n    at D:\\dev\\git\\React\\mosh-course\\vidly-api-node-test\\node_modules\\express-async-errors\\index.js:17:17\n    at Layer.handle [as handle_request] (D:\\dev\\git\\React\\mosh-course\\vidly-api-node-test\\node_modules\\express\\lib\\router\\layer.js:95:5)\n    at next (D:\\dev\\git\\React\\mosh-course\\vidly-api-node-test\\node_modules\\express\\lib\\router\\route.js:137:13)\n    at Route.dispatch (D:\\dev\\git\\React\\mosh-course\\vidly-api-node-test\\node_modules\\express\\lib\\router\\route.js:112:3)\n    at D:\\dev\\git\\React\\mosh-course\\vidly-api-node-test\\node_modules\\express-async-errors\\index.js:17:17\n    at Layer.handle [as handle_request] (D:\\dev\\git\\React\\mosh-course\\vidly-api-node-test\\node_modules\\express\\lib\\router\\layer.js:95:5)\n    at D:\\dev\\git\\React\\mosh-course\\vidly-api-node-test\\node_modules\\express\\lib\\router\\index.js:281:22\n    at Function.process_params (D:\\dev\\git\\React\\mosh-course\\vidly-api-node-test\\node_modules\\express\\lib\\router\\index.js:335:12)\n    at next (D:\\dev\\git\\React\\mosh-course\\vidly-api-node-test\\node_modules\\express\\lib\\router\\index.js:275:10)\n    at Function.handle (D:\\dev\\git\\React\\mosh-course\\vidly-api-node-test\\node_modules\\express\\lib\\router\\index.js:174:3)\n    at router (D:\\dev\\git\\React\\mosh-course\\vidly-api-node-test\\node_modules\\express\\lib\\router\\index.js:47:12)\n    at D:\\dev\\git\\React\\mosh-course\\vidly-api-node-test\\node_modules\\express-async-errors\\index.js:17:17\n    at Layer.handle [as handle_request] (D:\\dev\\git\\React\\mosh-course\\vidly-api-node-test\\node_modules\\express\\lib\\router\\layer.js:95:5)\n    at trim_prefix (D:\\dev\\git\\React\\mosh-course\\vidly-api-node-test\\node_modules\\express\\lib\\router\\index.js:317:13)\n    at D:\\dev\\git\\React\\mosh-course\\vidly-api-node-test\\node_modules\\express\\lib\\router\\index.js:284:7","level":"error","timestamp":"2019-08-25T13:01:16.080Z"}
{"level":"info","message":"Listening on port 3900...","timestamp":"2019-08-25T13:01:47.514Z"}
{"level":"info","message":"Connected to mongodb://localhost/movie_reviews...","timestamp":"2019-08-25T13:01:49.533Z"}
{"message":"Cannot read property 'file' of undefined","stack":"TypeError: Cannot read property 'file' of undefined\n    at router.post (D:\\dev\\git\\React\\mosh-course\\vidly-api-node-test\\routes\\upload.js:6:29)\n    at D:\\dev\\git\\React\\mosh-course\\vidly-api-node-test\\node_modules\\express-async-errors\\index.js:17:17\n    at Layer.handle [as handle_request] (D:\\dev\\git\\React\\mosh-course\\vidly-api-node-test\\node_modules\\express\\lib\\router\\layer.js:95:5)\n    at next (D:\\dev\\git\\React\\mosh-course\\vidly-api-node-test\\node_modules\\express\\lib\\router\\route.js:137:13)\n    at Route.dispatch (D:\\dev\\git\\React\\mosh-course\\vidly-api-node-test\\node_modules\\express\\lib\\router\\route.js:112:3)\n    at D:\\dev\\git\\React\\mosh-course\\vidly-api-node-test\\node_modules\\express-async-errors\\index.js:17:17\n    at Layer.handle [as handle_request] (D:\\dev\\git\\React\\mosh-course\\vidly-api-node-test\\node_modules\\express\\lib\\router\\layer.js:95:5)\n    at D:\\dev\\git\\React\\mosh-course\\vidly-api-node-test\\node_modules\\express\\lib\\router\\index.js:281:22\n    at Function.process_params (D:\\dev\\git\\React\\mosh-course\\vidly-api-node-test\\node_modules\\express\\lib\\router\\index.js:335:12)\n    at next (D:\\dev\\git\\React\\mosh-course\\vidly-api-node-test\\node_modules\\express\\lib\\router\\index.js:275:10)\n    at Function.handle (D:\\dev\\git\\React\\mosh-course\\vidly-api-node-test\\node_modules\\express\\lib\\router\\index.js:174:3)\n    at router (D:\\dev\\git\\React\\mosh-course\\vidly-api-node-test\\node_modules\\express\\lib\\router\\index.js:47:12)\n    at D:\\dev\\git\\React\\mosh-course\\vidly-api-node-test\\node_modules\\express-async-errors\\index.js:17:17\n    at Layer.handle [as handle_request] (D:\\dev\\git\\React\\mosh-course\\vidly-api-node-test\\node_modules\\express\\lib\\router\\layer.js:95:5)\n    at trim_prefix (D:\\dev\\git\\React\\mosh-course\\vidly-api-node-test\\node_modules\\express\\lib\\router\\index.js:317:13)\n    at D:\\dev\\git\\React\\mosh-course\\vidly-api-node-test\\node_modules\\express\\lib\\router\\index.js:284:7","level":"error","timestamp":"2019-08-25T13:01:54.171Z"}
{"level":"info","message":"Listening on port 3900...","timestamp":"2019-08-25T13:07:19.122Z"}
{"level":"info","message":"Connected to mongodb://localhost/movie_reviews...","timestamp":"2019-08-25T13:07:21.144Z"}
{"level":"info","message":"Listening on port 3900...","timestamp":"2019-08-25T13:36:58.451Z"}
{"level":"info","message":"Connected to mongodb://localhost/movie_reviews...","timestamp":"2019-08-25T13:37:00.470Z"}
{"level":"info","message":"Listening on port 3900...","timestamp":"2019-08-25T13:39:21.249Z"}
{"level":"info","message":"Connected to mongodb://localhost/movie_reviews...","timestamp":"2019-08-25T13:39:23.297Z"}
{"level":"info","message":"Listening on port 3900...","timestamp":"2019-08-25T13:45:42.304Z"}
{"level":"info","message":"Connected to mongodb://localhost/movie_reviews...","timestamp":"2019-08-25T13:45:44.348Z"}
{"level":"info","message":"Listening on port 3900...","timestamp":"2019-08-26T02:02:21.568Z"}
{"level":"info","message":"Connected to mongodb://localhost/movie_reviews...","timestamp":"2019-08-26T02:02:23.620Z"}
{"level":"info","message":"Listening on port 3900...","timestamp":"2019-08-26T02:06:26.585Z"}
{"level":"info","message":"Connected to mongodb://localhost/movie_reviews...","timestamp":"2019-08-26T02:06:28.616Z"}
{"level":"info","message":"Listening on port 3900...","timestamp":"2019-08-26T02:07:34.336Z"}
{"level":"info","message":"Connected to mongodb://localhost/movie_reviews...","timestamp":"2019-08-26T02:07:36.387Z"}
{"level":"info","message":"Listening on port 3900...","timestamp":"2019-08-26T02:10:12.476Z"}
{"level":"info","message":"Connected to mongodb://localhost/movie_reviews...","timestamp":"2019-08-26T02:10:14.496Z"}
{"level":"info","message":"Listening on port 3900...","timestamp":"2019-08-26T02:10:30.338Z"}
{"level":"info","message":"Connected to mongodb://localhost/movie_reviews...","timestamp":"2019-08-26T02:10:32.373Z"}
{"level":"info","message":"Listening on port 3900...","timestamp":"2019-08-26T02:12:46.692Z"}
{"level":"info","message":"Connected to mongodb://localhost/movie_reviews...","timestamp":"2019-08-26T02:12:48.712Z"}
{"level":"info","message":"Listening on port 3900...","timestamp":"2019-08-26T02:25:11.655Z"}
{"level":"info","message":"Connected to mongodb://localhost/movie_reviews...","timestamp":"2019-08-26T02:25:13.671Z"}
{"level":"info","message":"Listening on port 3900...","timestamp":"2019-08-26T02:26:49.082Z"}
{"level":"info","message":"Connected to mongodb://localhost/movie_reviews...","timestamp":"2019-08-26T02:26:51.125Z"}
{"level":"info","message":"Listening on port 3900...","timestamp":"2019-08-26T02:27:30.156Z"}
{"level":"info","message":"Connected to mongodb://localhost/movie_reviews...","timestamp":"2019-08-26T02:27:32.176Z"}
{"level":"info","message":"Listening on port 3900...","timestamp":"2019-08-26T03:13:49.276Z"}
{"level":"info","message":"Connected to mongodb://localhost/movie_reviews...","timestamp":"2019-08-26T03:13:51.298Z"}
{"level":"info","message":"Listening on port 3900...","timestamp":"2019-08-26T05:23:30.364Z"}
{"level":"info","message":"Connected to mongodb://localhost/movie_reviews...","timestamp":"2019-08-26T05:23:32.381Z"}
{"level":"info","message":"Listening on port 3900...","timestamp":"2019-08-26T05:56:23.976Z"}
{"level":"info","message":"Listening on port 3900...","timestamp":"2019-08-26T06:03:46.334Z"}
{"level":"info","message":"Connected to mongodb://user1:123456!@vidly-shard-00-00-sekqw.mongodb.net:27017,vidly-shard-00-01-sekqw.mongodb.net:27017,vidly-shard-00-02-sekqw.mongodb.net:27017/test?ssl=true&replicaSet=vidly-shard-0&authSource=admin&retryWrites=true&w=majority...","timestamp":"2019-08-26T06:03:48.711Z"}
{"level":"info","message":"Listening on port 3900...","timestamp":"2019-08-26T06:12:51.763Z"}
{"level":"info","message":"Connected to mongodb://user1:123456!@vidly-shard-00-00-sekqw.mongodb.net:27017,vidly-shard-00-01-sekqw.mongodb.net:27017,vidly-shard-00-02-sekqw.mongodb.net:27017/movie_reviews?ssl=true&replicaSet=vidly-shard-0&authSource=admin&retryWrites=true&w=majority...","timestamp":"2019-08-26T06:12:54.418Z"}
{"level":"info","message":"Listening on port 3900...","timestamp":"2019-08-26T06:15:11.054Z"}
{"level":"info","message":"Connected to mongodb://user1:123456!@vidly-shard-00-00-sekqw.mongodb.net:27017,vidly-shard-00-01-sekqw.mongodb.net:27017,vidly-shard-00-02-sekqw.mongodb.net:27017/movie_reviews?ssl=true&replicaSet=vidly-shard-0&authSource=admin&retryWrites=true&w=majority...","timestamp":"2019-08-26T06:15:13.456Z"}
{"level":"info","message":"Listening on port 3900...","timestamp":"2019-08-26T07:02:15.783Z"}
{"level":"info","message":"Connected to mongodb+srv://user1:123456!@vidly-sekqw.mongodb.net/test?retryWrites=true&w=majority...","timestamp":"2019-08-26T07:02:16.905Z"}
{"level":"info","message":"Listening on port 3900...","timestamp":"2019-08-26T07:03:37.478Z"}
{"level":"info","message":"Connected to mongodb+srv://user1:123456!@vidly-sekqw.mongodb.net/test?retryWrites=true&w=majority...","timestamp":"2019-08-26T07:03:38.585Z"}
{"level":"info","message":"Listening on port 3900...","timestamp":"2019-08-26T07:03:55.498Z"}
{"level":"info","message":"Connected to mongodb+srv://user1:123456!@vidly-sekqw.mongodb.net/test?retryWrites=true&w=majority...","timestamp":"2019-08-26T07:03:56.778Z"}
{"level":"info","message":"Listening on port 3900...","timestamp":"2019-08-26T07:05:18.556Z"}
{"level":"info","message":"Connected to mongodb://user1:123456!@vidly-shard-00-00-sekqw.mongodb.net:27017,vidly-shard-00-01-sekqw.mongodb.net:27017,vidly-shard-00-02-sekqw.mongodb.net:27017/test?ssl=true&replicaSet=vidly-shard-0&authSource=admin&retryWrites=true&w=majority...","timestamp":"2019-08-26T07:05:20.927Z"}
{"level":"info","message":"Listening on port 3900...","timestamp":"2019-08-31T06:58:51.310Z"}
{"level":"info","message":"Connected to mongodb://user1:123456!@vidly-shard-00-00-sekqw.mongodb.net:27017,vidly-shard-00-01-sekqw.mongodb.net:27017,vidly-shard-00-02-sekqw.mongodb.net:27017/test?ssl=true&replicaSet=vidly-shard-0&authSource=admin&retryWrites=true&w=majority...","timestamp":"2019-08-31T06:58:56.138Z"}
{"level":"info","message":"Listening on port 3900...","timestamp":"2019-09-02T04:04:41.349Z"}
{"level":"info","message":"Connected to mongodb://user1:123456!@vidly-shard-00-00-sekqw.mongodb.net:27017,vidly-shard-00-01-sekqw.mongodb.net:27017,vidly-shard-00-02-sekqw.mongodb.net:27017/test?ssl=true&replicaSet=vidly-shard-0&authSource=admin&retryWrites=true&w=majority...","timestamp":"2019-09-02T04:04:43.890Z"}
{"level":"info","message":"Listening on port 3900...","timestamp":"2019-09-02T04:17:42.296Z"}
{"level":"info","message":"Connected to mongodb://user1:123456!@vidly-shard-00-00-sekqw.mongodb.net:27017,vidly-shard-00-01-sekqw.mongodb.net:27017,vidly-shard-00-02-sekqw.mongodb.net:27017/test?ssl=true&replicaSet=vidly-shard-0&authSource=admin&retryWrites=true&w=majority...","timestamp":"2019-09-02T04:17:44.845Z"}
{"level":"info","message":"Listening on port 3900...","timestamp":"2019-09-02T04:31:31.957Z"}
{"level":"info","message":"Connected to mongodb://user1:123456!@vidly-shard-00-00-sekqw.mongodb.net:27017,vidly-shard-00-01-sekqw.mongodb.net:27017,vidly-shard-00-02-sekqw.mongodb.net:27017/test?ssl=true&replicaSet=vidly-shard-0&authSource=admin&retryWrites=true&w=majority...","timestamp":"2019-09-02T04:31:34.623Z"}
{"level":"info","message":"Listening on port 3900...","timestamp":"2019-09-02T04:32:45.328Z"}
{"level":"info","message":"Connected to mongodb://user1:123456!@vidly-shard-00-00-sekqw.mongodb.net:27017,vidly-shard-00-01-sekqw.mongodb.net:27017,vidly-shard-00-02-sekqw.mongodb.net:27017/test?ssl=true&replicaSet=vidly-shard-0&authSource=admin&retryWrites=true&w=majority...","timestamp":"2019-09-02T04:32:48.246Z"}
